{"/Users/larahoerler/Desktop/ArchiOWeb/Projet-archioweb/app.js": {"path":"/Users/larahoerler/Desktop/ArchiOWeb/Projet-archioweb/app.js","statementMap":{"0":{"start":{"line":16,"column":19},"end":{"line":16,"column":49}},"1":{"start":{"line":17,"column":18},"end":{"line":17,"column":42}},"2":{"start":{"line":22,"column":0},"end":{"line":24,"column":2}},"3":{"start":{"line":27,"column":12},"end":{"line":27,"column":21}},"4":{"start":{"line":28,"column":0},"end":{"line":28,"column":16}},"5":{"start":{"line":38,"column":0},"end":{"line":38,"column":65}},"6":{"start":{"line":40,"column":0},"end":{"line":40,"column":23}},"7":{"start":{"line":41,"column":0},"end":{"line":41,"column":24}},"8":{"start":{"line":42,"column":0},"end":{"line":42,"column":49}},"9":{"start":{"line":44,"column":0},"end":{"line":44,"column":26}},"10":{"start":{"line":45,"column":0},"end":{"line":45,"column":31}},"11":{"start":{"line":46,"column":0},"end":{"line":46,"column":39}},"12":{"start":{"line":47,"column":0},"end":{"line":47,"column":33}},"13":{"start":{"line":48,"column":0},"end":{"line":48,"column":45}},"14":{"start":{"line":49,"column":0},"end":{"line":49,"column":31}},"15":{"start":{"line":52,"column":0},"end":{"line":54,"column":3}},"16":{"start":{"line":53,"column":2},"end":{"line":53,"column":25}},"17":{"start":{"line":58,"column":0},"end":{"line":66,"column":3}},"18":{"start":{"line":60,"column":2},"end":{"line":60,"column":35}},"19":{"start":{"line":61,"column":2},"end":{"line":61,"column":69}},"20":{"start":{"line":64,"column":2},"end":{"line":64,"column":32}},"21":{"start":{"line":65,"column":2},"end":{"line":65,"column":24}}},"fnMap":{"0":{"name":"(anonymous_0)","decl":{"start":{"line":52,"column":8},"end":{"line":52,"column":9}},"loc":{"start":{"line":52,"column":34},"end":{"line":54,"column":1}},"line":52},"1":{"name":"(anonymous_1)","decl":{"start":{"line":58,"column":8},"end":{"line":58,"column":9}},"loc":{"start":{"line":58,"column":39},"end":{"line":66,"column":1}},"line":58}},"branchMap":{"0":{"loc":{"start":{"line":23,"column":2},"end":{"line":23,"column":76}},"type":"binary-expr","locations":[{"start":{"line":23,"column":2},"end":{"line":23,"column":26}},{"start":{"line":23,"column":30},"end":{"line":23,"column":76}}],"line":23},"1":{"loc":{"start":{"line":61,"column":21},"end":{"line":61,"column":68}},"type":"cond-expr","locations":[{"start":{"line":61,"column":60},"end":{"line":61,"column":63}},{"start":{"line":61,"column":66},"end":{"line":61,"column":68}}],"line":61},"2":{"loc":{"start":{"line":64,"column":13},"end":{"line":64,"column":30}},"type":"binary-expr","locations":[{"start":{"line":64,"column":13},"end":{"line":64,"column":23}},{"start":{"line":64,"column":27},"end":{"line":64,"column":30}}],"line":64}},"s":{"0":3,"1":3,"2":3,"3":3,"4":3,"5":3,"6":3,"7":3,"8":3,"9":3,"10":3,"11":3,"12":3,"13":3,"14":3,"15":3,"16":0,"17":3,"18":0,"19":0,"20":0,"21":0},"f":{"0":0,"1":0},"b":{"0":[3,0],"1":[0,0],"2":[0,0]},"_coverageSchema":"1a1c01bbd47fc00a2c39e90264f33305004495a9","hash":"7e6ceb047ff5dbdd3f512e3a95ce85fb11b48761"}
,"/Users/larahoerler/Desktop/ArchiOWeb/Projet-archioweb/auth.js": {"path":"/Users/larahoerler/Desktop/ArchiOWeb/Projet-archioweb/auth.js","statementMap":{"0":{"start":{"line":3,"column":0},"end":{"line":3,"column":16}},"1":{"start":{"line":4,"column":18},"end":{"line":4,"column":40}},"2":{"start":{"line":8,"column":24},"end":{"line":8,"column":48}},"3":{"start":{"line":9,"column":2},"end":{"line":11,"column":3}},"4":{"start":{"line":10,"column":4},"end":{"line":10,"column":67}},"5":{"start":{"line":13,"column":16},"end":{"line":13,"column":52}},"6":{"start":{"line":14,"column":2},"end":{"line":16,"column":3}},"7":{"start":{"line":15,"column":4},"end":{"line":15,"column":78}},"8":{"start":{"line":18,"column":16},"end":{"line":18,"column":24}},"9":{"start":{"line":19,"column":2},"end":{"line":26,"column":5}},"10":{"start":{"line":20,"column":4},"end":{"line":25,"column":5}},"11":{"start":{"line":21,"column":6},"end":{"line":21,"column":74}},"12":{"start":{"line":23,"column":6},"end":{"line":23,"column":38}},"13":{"start":{"line":24,"column":6},"end":{"line":24,"column":13}}},"fnMap":{"0":{"name":"authenticate","decl":{"start":{"line":6,"column":9},"end":{"line":6,"column":21}},"loc":{"start":{"line":6,"column":38},"end":{"line":27,"column":1}},"line":6},"1":{"name":"(anonymous_1)","decl":{"start":{"line":19,"column":31},"end":{"line":19,"column":32}},"loc":{"start":{"line":19,"column":55},"end":{"line":26,"column":3}},"line":19}},"branchMap":{"0":{"loc":{"start":{"line":9,"column":2},"end":{"line":11,"column":3}},"type":"if","locations":[{"start":{"line":9,"column":2},"end":{"line":11,"column":3}},{"start":{},"end":{}}],"line":9},"1":{"loc":{"start":{"line":14,"column":2},"end":{"line":16,"column":3}},"type":"if","locations":[{"start":{"line":14,"column":2},"end":{"line":16,"column":3}},{"start":{},"end":{}}],"line":14},"2":{"loc":{"start":{"line":20,"column":4},"end":{"line":25,"column":5}},"type":"if","locations":[{"start":{"line":20,"column":4},"end":{"line":25,"column":5}},{"start":{"line":22,"column":11},"end":{"line":25,"column":5}}],"line":20}},"s":{"0":3,"1":3,"2":3,"3":3,"4":1,"5":2,"6":2,"7":0,"8":2,"9":2,"10":2,"11":0,"12":2,"13":2},"f":{"0":3,"1":2},"b":{"0":[1,2],"1":[0,2],"2":[0,2]},"_coverageSchema":"1a1c01bbd47fc00a2c39e90264f33305004495a9","hash":"321bcbdf5c5bd6b306689326604d731076990e17"}
,"/Users/larahoerler/Desktop/ArchiOWeb/Projet-archioweb/config.js": {"path":"/Users/larahoerler/Desktop/ArchiOWeb/Projet-archioweb/config.js","statementMap":{"0":{"start":{"line":2,"column":18},"end":{"line":2,"column":54}}},"fnMap":{},"branchMap":{"0":{"loc":{"start":{"line":2,"column":18},"end":{"line":2,"column":54}},"type":"binary-expr","locations":[{"start":{"line":2,"column":18},"end":{"line":2,"column":40}},{"start":{"line":2,"column":44},"end":{"line":2,"column":54}}],"line":2}},"s":{"0":3},"f":{},"b":{"0":[3,0]},"_coverageSchema":"1a1c01bbd47fc00a2c39e90264f33305004495a9","hash":"21cb1b47f01336acc882f664eec1dd566a822a0f"}
,"/Users/larahoerler/Desktop/ArchiOWeb/Projet-archioweb/ws.js": {"path":"/Users/larahoerler/Desktop/ArchiOWeb/Projet-archioweb/ws.js","statementMap":{"0":{"start":{"line":4,"column":14},"end":{"line":4,"column":53}},"1":{"start":{"line":6,"column":16},"end":{"line":6,"column":18}},"2":{"start":{"line":9,"column":4},"end":{"line":9,"column":39}},"3":{"start":{"line":10,"column":16},"end":{"line":12,"column":6}},"4":{"start":{"line":15,"column":4},"end":{"line":41,"column":7}},"5":{"start":{"line":16,"column":8},"end":{"line":16,"column":48}},"6":{"start":{"line":19,"column":8},"end":{"line":19,"column":25}},"7":{"start":{"line":22,"column":8},"end":{"line":34,"column":11}},"8":{"start":{"line":25,"column":12},"end":{"line":30,"column":13}},"9":{"start":{"line":26,"column":16},"end":{"line":26,"column":52}},"10":{"start":{"line":29,"column":16},"end":{"line":29,"column":74}},"11":{"start":{"line":33,"column":12},"end":{"line":33,"column":49}},"12":{"start":{"line":37,"column":8},"end":{"line":40,"column":11}},"13":{"start":{"line":38,"column":12},"end":{"line":38,"column":51}},"14":{"start":{"line":39,"column":12},"end":{"line":39,"column":51}},"15":{"start":{"line":45,"column":4},"end":{"line":47,"column":6}},"16":{"start":{"line":48,"column":4},"end":{"line":50,"column":5}},"17":{"start":{"line":49,"column":8},"end":{"line":49,"column":45}},"18":{"start":{"line":54,"column":4},"end":{"line":54,"column":68}}},"fnMap":{"0":{"name":"createWSServer","decl":{"start":{"line":8,"column":16},"end":{"line":8,"column":30}},"loc":{"start":{"line":8,"column":43},"end":{"line":42,"column":1}},"line":8},"1":{"name":"(anonymous_1)","decl":{"start":{"line":15,"column":25},"end":{"line":15,"column":26}},"loc":{"start":{"line":15,"column":39},"end":{"line":41,"column":5}},"line":15},"2":{"name":"(anonymous_2)","decl":{"start":{"line":22,"column":25},"end":{"line":22,"column":26}},"loc":{"start":{"line":22,"column":38},"end":{"line":34,"column":9}},"line":22},"3":{"name":"(anonymous_3)","decl":{"start":{"line":37,"column":23},"end":{"line":37,"column":24}},"loc":{"start":{"line":37,"column":29},"end":{"line":40,"column":9}},"line":37},"4":{"name":"broadcastMessage","decl":{"start":{"line":44,"column":16},"end":{"line":44,"column":32}},"loc":{"start":{"line":44,"column":42},"end":{"line":51,"column":1}},"line":44},"5":{"name":"onMessageReceived","decl":{"start":{"line":53,"column":9},"end":{"line":53,"column":26}},"loc":{"start":{"line":53,"column":40},"end":{"line":56,"column":1}},"line":53}},"branchMap":{},"s":{"0":3,"1":3,"2":0,"3":0,"4":0,"5":0,"6":0,"7":0,"8":0,"9":0,"10":0,"11":0,"12":0,"13":0,"14":0,"15":0,"16":0,"17":0,"18":0},"f":{"0":0,"1":0,"2":0,"3":0,"4":0,"5":0},"b":{},"_coverageSchema":"1a1c01bbd47fc00a2c39e90264f33305004495a9","hash":"d7d7d47674f283f691e1631f49df8fbed92997eb"}
,"/Users/larahoerler/Desktop/ArchiOWeb/Projet-archioweb/model/Place.js": {"path":"/Users/larahoerler/Desktop/ArchiOWeb/Projet-archioweb/model/Place.js","statementMap":{"0":{"start":{"line":5,"column":2},"end":{"line":11,"column":4}},"1":{"start":{"line":15,"column":2},"end":{"line":15,"column":37}},"2":{"start":{"line":19,"column":2},"end":{"line":19,"column":39}},"3":{"start":{"line":23,"column":20},"end":{"line":58,"column":2}},"4":{"start":{"line":65,"column":21},"end":{"line":65,"column":48}}},"fnMap":{"0":{"name":"validateGeoJsonCoordinates","decl":{"start":{"line":4,"column":9},"end":{"line":4,"column":35}},"loc":{"start":{"line":4,"column":43},"end":{"line":12,"column":1}},"line":4},"1":{"name":"isLatitude","decl":{"start":{"line":14,"column":9},"end":{"line":14,"column":19}},"loc":{"start":{"line":14,"column":27},"end":{"line":16,"column":1}},"line":14},"2":{"name":"isLongitude","decl":{"start":{"line":18,"column":9},"end":{"line":18,"column":20}},"loc":{"start":{"line":18,"column":28},"end":{"line":20,"column":1}},"line":18}},"branchMap":{"0":{"loc":{"start":{"line":6,"column":4},"end":{"line":10,"column":24}},"type":"binary-expr","locations":[{"start":{"line":6,"column":4},"end":{"line":6,"column":24}},{"start":{"line":7,"column":4},"end":{"line":7,"column":21}},{"start":{"line":8,"column":4},"end":{"line":8,"column":21}},{"start":{"line":9,"column":4},"end":{"line":9,"column":25}},{"start":{"line":10,"column":4},"end":{"line":10,"column":24}}],"line":6},"1":{"loc":{"start":{"line":15,"column":9},"end":{"line":15,"column":36}},"type":"binary-expr","locations":[{"start":{"line":15,"column":9},"end":{"line":15,"column":21}},{"start":{"line":15,"column":25},"end":{"line":15,"column":36}}],"line":15},"2":{"loc":{"start":{"line":19,"column":9},"end":{"line":19,"column":38}},"type":"binary-expr","locations":[{"start":{"line":19,"column":9},"end":{"line":19,"column":22}},{"start":{"line":19,"column":26},"end":{"line":19,"column":38}}],"line":19}},"s":{"0":2,"1":2,"2":2,"3":3,"4":3},"f":{"0":2,"1":2,"2":2},"b":{"0":[2,2,2,2,2],"1":[2,2],"2":[2,2]},"_coverageSchema":"1a1c01bbd47fc00a2c39e90264f33305004495a9","hash":"f9efb5d5b2c3a49436a58dabbd840e66a23c5065"}
,"/Users/larahoerler/Desktop/ArchiOWeb/Projet-archioweb/model/Reservation.js": {"path":"/Users/larahoerler/Desktop/ArchiOWeb/Projet-archioweb/model/Reservation.js","statementMap":{"0":{"start":{"line":5,"column":26},"end":{"line":39,"column":2}},"1":{"start":{"line":42,"column":27},"end":{"line":42,"column":66}}},"fnMap":{},"branchMap":{},"s":{"0":3,"1":3},"f":{},"b":{},"_coverageSchema":"1a1c01bbd47fc00a2c39e90264f33305004495a9","hash":"c78ba6652a348f9b0460091a2acb5b74d3672dca"}
,"/Users/larahoerler/Desktop/ArchiOWeb/Projet-archioweb/model/User.js": {"path":"/Users/larahoerler/Desktop/ArchiOWeb/Projet-archioweb/model/User.js","statementMap":{"0":{"start":{"line":5,"column":19},"end":{"line":47,"column":2}},"1":{"start":{"line":49,"column":0},"end":{"line":51,"column":3}},"2":{"start":{"line":54,"column":2},"end":{"line":54,"column":23}},"3":{"start":{"line":55,"column":2},"end":{"line":55,"column":18}},"4":{"start":{"line":56,"column":2},"end":{"line":56,"column":14}},"5":{"start":{"line":61,"column":20},"end":{"line":61,"column":45}}},"fnMap":{"0":{"name":"transformJsonUser","decl":{"start":{"line":52,"column":9},"end":{"line":52,"column":26}},"loc":{"start":{"line":52,"column":47},"end":{"line":57,"column":1}},"line":52}},"branchMap":{},"s":{"0":3,"1":3,"2":4,"3":4,"4":4,"5":3},"f":{"0":4},"b":{},"_coverageSchema":"1a1c01bbd47fc00a2c39e90264f33305004495a9","hash":"f06ed2f7843e0e769cb8cfd1c7b6405cecc7b527"}
,"/Users/larahoerler/Desktop/ArchiOWeb/Projet-archioweb/model/Vehicule.js": {"path":"/Users/larahoerler/Desktop/ArchiOWeb/Projet-archioweb/model/Vehicule.js","statementMap":{"0":{"start":{"line":5,"column":23},"end":{"line":33,"column":2}},"1":{"start":{"line":36,"column":24},"end":{"line":36,"column":57}}},"fnMap":{},"branchMap":{},"s":{"0":3,"1":3},"f":{},"b":{},"_coverageSchema":"1a1c01bbd47fc00a2c39e90264f33305004495a9","hash":"3db3dfdce4b21f46ab771b409a0c8307be1b229f"}
,"/Users/larahoerler/Desktop/ArchiOWeb/Projet-archioweb/routes/index.js": {"path":"/Users/larahoerler/Desktop/ArchiOWeb/Projet-archioweb/routes/index.js","statementMap":{"0":{"start":{"line":2,"column":15},"end":{"line":2,"column":31}},"1":{"start":{"line":4,"column":0},"end":{"line":6,"column":3}},"2":{"start":{"line":5,"column":2},"end":{"line":5,"column":24}}},"fnMap":{"0":{"name":"(anonymous_0)","decl":{"start":{"line":4,"column":16},"end":{"line":4,"column":17}},"loc":{"start":{"line":4,"column":42},"end":{"line":6,"column":1}},"line":4}},"branchMap":{},"s":{"0":3,"1":3,"2":0},"f":{"0":0},"b":{},"_coverageSchema":"1a1c01bbd47fc00a2c39e90264f33305004495a9","hash":"33bd6470ab95139f6cc35a70d849e9a723b64f5d"}
,"/Users/larahoerler/Desktop/ArchiOWeb/Projet-archioweb/routes/login.js": {"path":"/Users/larahoerler/Desktop/ArchiOWeb/Projet-archioweb/routes/login.js","statementMap":{"0":{"start":{"line":6,"column":15},"end":{"line":6,"column":31}},"1":{"start":{"line":7,"column":18},"end":{"line":7,"column":40}},"2":{"start":{"line":23,"column":0},"end":{"line":48,"column":3}},"3":{"start":{"line":24,"column":2},"end":{"line":47,"column":3}},"4":{"start":{"line":26,"column":15},"end":{"line":26,"column":66}},"5":{"start":{"line":27,"column":4},"end":{"line":27,"column":22}},"6":{"start":{"line":28,"column":4},"end":{"line":32,"column":5}},"7":{"start":{"line":29,"column":6},"end":{"line":31,"column":63}},"8":{"start":{"line":35,"column":27},"end":{"line":35,"column":67}},"9":{"start":{"line":38,"column":4},"end":{"line":38,"column":30}},"10":{"start":{"line":40,"column":4},"end":{"line":40,"column":35}},"11":{"start":{"line":42,"column":4},"end":{"line":42,"column":22}},"12":{"start":{"line":44,"column":4},"end":{"line":44,"column":64}},"13":{"start":{"line":46,"column":4},"end":{"line":46,"column":78}},"14":{"start":{"line":70,"column":0},"end":{"line":92,"column":3}},"15":{"start":{"line":71,"column":2},"end":{"line":91,"column":3}},"16":{"start":{"line":72,"column":17},"end":{"line":72,"column":68}},"17":{"start":{"line":73,"column":4},"end":{"line":75,"column":5}},"18":{"start":{"line":74,"column":6},"end":{"line":74,"column":57}},"19":{"start":{"line":76,"column":4},"end":{"line":76,"column":22}},"20":{"start":{"line":77,"column":4},"end":{"line":77,"column":35}},"21":{"start":{"line":78,"column":4},"end":{"line":78,"column":31}},"22":{"start":{"line":79,"column":18},"end":{"line":79,"column":72}},"23":{"start":{"line":80,"column":4},"end":{"line":82,"column":5}},"24":{"start":{"line":81,"column":6},"end":{"line":81,"column":61}},"25":{"start":{"line":85,"column":16},"end":{"line":85,"column":64}},"26":{"start":{"line":86,"column":18},"end":{"line":86,"column":61}},"27":{"start":{"line":88,"column":4},"end":{"line":88,"column":30}},"28":{"start":{"line":90,"column":4},"end":{"line":90,"column":80}}},"fnMap":{"0":{"name":"(anonymous_0)","decl":{"start":{"line":23,"column":23},"end":{"line":23,"column":24}},"loc":{"start":{"line":23,"column":43},"end":{"line":48,"column":1}},"line":23},"1":{"name":"(anonymous_1)","decl":{"start":{"line":70,"column":24},"end":{"line":70,"column":25}},"loc":{"start":{"line":70,"column":44},"end":{"line":92,"column":1}},"line":70}},"branchMap":{"0":{"loc":{"start":{"line":28,"column":4},"end":{"line":32,"column":5}},"type":"if","locations":[{"start":{"line":28,"column":4},"end":{"line":32,"column":5}},{"start":{},"end":{}}],"line":28},"1":{"loc":{"start":{"line":73,"column":4},"end":{"line":75,"column":5}},"type":"if","locations":[{"start":{"line":73,"column":4},"end":{"line":75,"column":5}},{"start":{},"end":{}}],"line":73},"2":{"loc":{"start":{"line":80,"column":4},"end":{"line":82,"column":5}},"type":"if","locations":[{"start":{"line":80,"column":4},"end":{"line":82,"column":5}},{"start":{},"end":{}}],"line":80}},"s":{"0":3,"1":3,"2":3,"3":3,"4":3,"5":3,"6":3,"7":0,"8":3,"9":3,"10":3,"11":3,"12":1,"13":2,"14":3,"15":4,"16":4,"17":4,"18":2,"19":2,"20":2,"21":2,"22":2,"23":2,"24":1,"25":1,"26":1,"27":1,"28":0},"f":{"0":3,"1":4},"b":{"0":[0,3],"1":[2,2],"2":[1,1]},"_coverageSchema":"1a1c01bbd47fc00a2c39e90264f33305004495a9","hash":"5b6972bc0a91729b1968db4515556c9d2089acad"}
,"/Users/larahoerler/Desktop/ArchiOWeb/Projet-archioweb/routes/places.js": {"path":"/Users/larahoerler/Desktop/ArchiOWeb/Projet-archioweb/routes/places.js","statementMap":{"0":{"start":{"line":12,"column":15},"end":{"line":12,"column":31}},"1":{"start":{"line":57,"column":0},"end":{"line":76,"column":3}},"2":{"start":{"line":58,"column":2},"end":{"line":75,"column":3}},"3":{"start":{"line":60,"column":21},"end":{"line":60,"column":30}},"4":{"start":{"line":61,"column":16},"end":{"line":61,"column":18}},"5":{"start":{"line":64,"column":4},"end":{"line":66,"column":5}},"6":{"start":{"line":65,"column":6},"end":{"line":65,"column":24}},"7":{"start":{"line":69,"column":19},"end":{"line":69,"column":42}},"8":{"start":{"line":70,"column":4},"end":{"line":70,"column":33}},"9":{"start":{"line":72,"column":4},"end":{"line":74,"column":68}},"10":{"start":{"line":125,"column":0},"end":{"line":143,"column":3}},"11":{"start":{"line":126,"column":2},"end":{"line":142,"column":3}},"12":{"start":{"line":127,"column":20},"end":{"line":127,"column":38}},"13":{"start":{"line":130,"column":18},"end":{"line":130,"column":47}},"14":{"start":{"line":133,"column":4},"end":{"line":135,"column":5}},"15":{"start":{"line":134,"column":6},"end":{"line":134,"column":66}},"16":{"start":{"line":137,"column":4},"end":{"line":137,"column":32}},"17":{"start":{"line":139,"column":4},"end":{"line":141,"column":69}},"18":{"start":{"line":194,"column":0},"end":{"line":223,"column":3}},"19":{"start":{"line":195,"column":2},"end":{"line":222,"column":3}},"20":{"start":{"line":196,"column":4},"end":{"line":196,"column":55}},"21":{"start":{"line":197,"column":4},"end":{"line":197,"column":43}},"22":{"start":{"line":199,"column":21},"end":{"line":202,"column":6}},"23":{"start":{"line":204,"column":4},"end":{"line":204,"column":26}},"24":{"start":{"line":206,"column":4},"end":{"line":216,"column":7}},"25":{"start":{"line":218,"column":4},"end":{"line":218,"column":75}},"26":{"start":{"line":220,"column":4},"end":{"line":220,"column":68}},"27":{"start":{"line":221,"column":4},"end":{"line":221,"column":51}},"28":{"start":{"line":290,"column":0},"end":{"line":322,"column":3}},"29":{"start":{"line":291,"column":2},"end":{"line":321,"column":3}},"30":{"start":{"line":292,"column":20},"end":{"line":292,"column":38}},"31":{"start":{"line":293,"column":23},"end":{"line":293,"column":31}},"32":{"start":{"line":294,"column":19},"end":{"line":294,"column":36}},"33":{"start":{"line":297,"column":18},"end":{"line":297,"column":47}},"34":{"start":{"line":300,"column":4},"end":{"line":302,"column":5}},"35":{"start":{"line":301,"column":6},"end":{"line":301,"column":66}},"36":{"start":{"line":305,"column":4},"end":{"line":307,"column":5}},"37":{"start":{"line":306,"column":6},"end":{"line":306,"column":69}},"38":{"start":{"line":310,"column":25},"end":{"line":312,"column":6}},"39":{"start":{"line":314,"column":4},"end":{"line":316,"column":72}},"40":{"start":{"line":318,"column":4},"end":{"line":320,"column":68}},"41":{"start":{"line":368,"column":0},"end":{"line":398,"column":3}},"42":{"start":{"line":369,"column":2},"end":{"line":397,"column":3}},"43":{"start":{"line":370,"column":20},"end":{"line":370,"column":38}},"44":{"start":{"line":371,"column":19},"end":{"line":371,"column":36}},"45":{"start":{"line":374,"column":18},"end":{"line":374,"column":47}},"46":{"start":{"line":377,"column":4},"end":{"line":379,"column":5}},"47":{"start":{"line":378,"column":6},"end":{"line":378,"column":66}},"48":{"start":{"line":382,"column":17},"end":{"line":382,"column":44}},"49":{"start":{"line":385,"column":4},"end":{"line":387,"column":5}},"50":{"start":{"line":386,"column":6},"end":{"line":386,"column":69}},"51":{"start":{"line":390,"column":4},"end":{"line":390,"column":43}},"52":{"start":{"line":392,"column":4},"end":{"line":392,"column":69}},"53":{"start":{"line":394,"column":4},"end":{"line":396,"column":68}},"54":{"start":{"line":479,"column":0},"end":{"line":520,"column":3}},"55":{"start":{"line":480,"column":2},"end":{"line":519,"column":3}},"56":{"start":{"line":481,"column":20},"end":{"line":481,"column":38}},"57":{"start":{"line":482,"column":19},"end":{"line":482,"column":36}},"58":{"start":{"line":485,"column":18},"end":{"line":485,"column":47}},"59":{"start":{"line":486,"column":17},"end":{"line":486,"column":44}},"60":{"start":{"line":487,"column":4},"end":{"line":489,"column":5}},"61":{"start":{"line":488,"column":6},"end":{"line":488,"column":66}},"62":{"start":{"line":491,"column":4},"end":{"line":493,"column":5}},"63":{"start":{"line":492,"column":6},"end":{"line":492,"column":67}},"64":{"start":{"line":496,"column":17},"end":{"line":496,"column":46}},"65":{"start":{"line":497,"column":18},"end":{"line":497,"column":49}},"66":{"start":{"line":498,"column":17},"end":{"line":498,"column":35}},"67":{"start":{"line":501,"column":25},"end":{"line":505,"column":19}},"68":{"start":{"line":507,"column":30},"end":{"line":507,"column":86}},"69":{"start":{"line":509,"column":4},"end":{"line":514,"column":7}},"70":{"start":{"line":516,"column":4},"end":{"line":518,"column":74}}},"fnMap":{"0":{"name":"(anonymous_0)","decl":{"start":{"line":57,"column":16},"end":{"line":57,"column":17}},"loc":{"start":{"line":57,"column":36},"end":{"line":76,"column":1}},"line":57},"1":{"name":"(anonymous_1)","decl":{"start":{"line":125,"column":24},"end":{"line":125,"column":25}},"loc":{"start":{"line":125,"column":44},"end":{"line":143,"column":1}},"line":125},"2":{"name":"(anonymous_2)","decl":{"start":{"line":194,"column":31},"end":{"line":194,"column":32}},"loc":{"start":{"line":194,"column":51},"end":{"line":223,"column":1}},"line":194},"3":{"name":"(anonymous_3)","decl":{"start":{"line":290,"column":38},"end":{"line":290,"column":39}},"loc":{"start":{"line":290,"column":58},"end":{"line":322,"column":1}},"line":290},"4":{"name":"(anonymous_4)","decl":{"start":{"line":368,"column":41},"end":{"line":368,"column":42}},"loc":{"start":{"line":368,"column":61},"end":{"line":398,"column":1}},"line":368},"5":{"name":"(anonymous_5)","decl":{"start":{"line":479,"column":51},"end":{"line":479,"column":52}},"loc":{"start":{"line":479,"column":71},"end":{"line":520,"column":1}},"line":479}},"branchMap":{"0":{"loc":{"start":{"line":64,"column":4},"end":{"line":66,"column":5}},"type":"if","locations":[{"start":{"line":64,"column":4},"end":{"line":66,"column":5}},{"start":{},"end":{}}],"line":64},"1":{"loc":{"start":{"line":133,"column":4},"end":{"line":135,"column":5}},"type":"if","locations":[{"start":{"line":133,"column":4},"end":{"line":135,"column":5}},{"start":{},"end":{}}],"line":133},"2":{"loc":{"start":{"line":300,"column":4},"end":{"line":302,"column":5}},"type":"if","locations":[{"start":{"line":300,"column":4},"end":{"line":302,"column":5}},{"start":{},"end":{}}],"line":300},"3":{"loc":{"start":{"line":305,"column":4},"end":{"line":307,"column":5}},"type":"if","locations":[{"start":{"line":305,"column":4},"end":{"line":307,"column":5}},{"start":{},"end":{}}],"line":305},"4":{"loc":{"start":{"line":377,"column":4},"end":{"line":379,"column":5}},"type":"if","locations":[{"start":{"line":377,"column":4},"end":{"line":379,"column":5}},{"start":{},"end":{}}],"line":377},"5":{"loc":{"start":{"line":385,"column":4},"end":{"line":387,"column":5}},"type":"if","locations":[{"start":{"line":385,"column":4},"end":{"line":387,"column":5}},{"start":{},"end":{}}],"line":385},"6":{"loc":{"start":{"line":385,"column":8},"end":{"line":385,"column":68}},"type":"binary-expr","locations":[{"start":{"line":385,"column":8},"end":{"line":385,"column":53}},{"start":{"line":385,"column":57},"end":{"line":385,"column":68}}],"line":385},"7":{"loc":{"start":{"line":487,"column":4},"end":{"line":489,"column":5}},"type":"if","locations":[{"start":{"line":487,"column":4},"end":{"line":489,"column":5}},{"start":{},"end":{}}],"line":487},"8":{"loc":{"start":{"line":491,"column":4},"end":{"line":493,"column":5}},"type":"if","locations":[{"start":{"line":491,"column":4},"end":{"line":493,"column":5}},{"start":{},"end":{}}],"line":491},"9":{"loc":{"start":{"line":491,"column":8},"end":{"line":491,"column":70}},"type":"binary-expr","locations":[{"start":{"line":491,"column":9},"end":{"line":491,"column":54}},{"start":{"line":491,"column":59},"end":{"line":491,"column":70}}],"line":491},"10":{"loc":{"start":{"line":496,"column":17},"end":{"line":496,"column":46}},"type":"binary-expr","locations":[{"start":{"line":496,"column":17},"end":{"line":496,"column":41}},{"start":{"line":496,"column":45},"end":{"line":496,"column":46}}],"line":496},"11":{"loc":{"start":{"line":497,"column":18},"end":{"line":497,"column":49}},"type":"binary-expr","locations":[{"start":{"line":497,"column":18},"end":{"line":497,"column":43}},{"start":{"line":497,"column":47},"end":{"line":497,"column":49}}],"line":497}},"s":{"0":3,"1":3,"2":0,"3":0,"4":0,"5":0,"6":0,"7":0,"8":0,"9":0,"10":3,"11":0,"12":0,"13":0,"14":0,"15":0,"16":0,"17":0,"18":3,"19":0,"20":0,"21":0,"22":0,"23":0,"24":0,"25":0,"26":0,"27":0,"28":3,"29":0,"30":0,"31":0,"32":0,"33":0,"34":0,"35":0,"36":0,"37":0,"38":0,"39":0,"40":0,"41":3,"42":0,"43":0,"44":0,"45":0,"46":0,"47":0,"48":0,"49":0,"50":0,"51":0,"52":0,"53":0,"54":3,"55":0,"56":0,"57":0,"58":0,"59":0,"60":0,"61":0,"62":0,"63":0,"64":0,"65":0,"66":0,"67":0,"68":0,"69":0,"70":0},"f":{"0":0,"1":0,"2":0,"3":0,"4":0,"5":0},"b":{"0":[0,0],"1":[0,0],"2":[0,0],"3":[0,0],"4":[0,0],"5":[0,0],"6":[0,0],"7":[0,0],"8":[0,0],"9":[0,0],"10":[0,0],"11":[0,0]},"_coverageSchema":"1a1c01bbd47fc00a2c39e90264f33305004495a9","hash":"fa7a890c2a5396146a5215c88e8137e4f3bad90c"}
,"/Users/larahoerler/Desktop/ArchiOWeb/Projet-archioweb/routes/reservations.js": {"path":"/Users/larahoerler/Desktop/ArchiOWeb/Projet-archioweb/routes/reservations.js","statementMap":{"0":{"start":{"line":13,"column":15},"end":{"line":13,"column":31}},"1":{"start":{"line":66,"column":0},"end":{"line":75,"column":3}},"2":{"start":{"line":67,"column":2},"end":{"line":74,"column":3}},"3":{"start":{"line":68,"column":25},"end":{"line":68,"column":49}},"4":{"start":{"line":69,"column":4},"end":{"line":69,"column":27}},"5":{"start":{"line":71,"column":4},"end":{"line":73,"column":74}},"6":{"start":{"line":124,"column":0},"end":{"line":148,"column":3}},"7":{"start":{"line":125,"column":2},"end":{"line":147,"column":3}},"8":{"start":{"line":126,"column":26},"end":{"line":126,"column":50}},"9":{"start":{"line":129,"column":24},"end":{"line":135,"column":8}},"10":{"start":{"line":138,"column":4},"end":{"line":140,"column":5}},"11":{"start":{"line":139,"column":6},"end":{"line":139,"column":72}},"12":{"start":{"line":142,"column":4},"end":{"line":142,"column":38}},"13":{"start":{"line":144,"column":4},"end":{"line":146,"column":75}},"14":{"start":{"line":224,"column":0},"end":{"line":303,"column":3}},"15":{"start":{"line":225,"column":2},"end":{"line":300,"column":3}},"16":{"start":{"line":227,"column":58},"end":{"line":227,"column":66}},"17":{"start":{"line":230,"column":4},"end":{"line":232,"column":5}},"18":{"start":{"line":231,"column":6},"end":{"line":231,"column":74}},"19":{"start":{"line":235,"column":25},"end":{"line":235,"column":64}},"20":{"start":{"line":236,"column":4},"end":{"line":236,"column":54}},"21":{"start":{"line":239,"column":4},"end":{"line":243,"column":5}},"22":{"start":{"line":240,"column":6},"end":{"line":242,"column":61}},"23":{"start":{"line":246,"column":32},"end":{"line":250,"column":6}},"24":{"start":{"line":252,"column":4},"end":{"line":256,"column":5}},"25":{"start":{"line":253,"column":6},"end":{"line":255,"column":61}},"26":{"start":{"line":259,"column":21},"end":{"line":259,"column":56}},"27":{"start":{"line":260,"column":4},"end":{"line":262,"column":5}},"28":{"start":{"line":261,"column":6},"end":{"line":261,"column":74}},"29":{"start":{"line":265,"column":27},"end":{"line":272,"column":6}},"30":{"start":{"line":275,"column":4},"end":{"line":275,"column":32}},"31":{"start":{"line":278,"column":17},"end":{"line":278,"column":63}},"32":{"start":{"line":281,"column":4},"end":{"line":284,"column":7}},"33":{"start":{"line":288,"column":22},"end":{"line":288,"column":62}},"34":{"start":{"line":290,"column":4},"end":{"line":294,"column":7}},"35":{"start":{"line":296,"column":4},"end":{"line":296,"column":63}},"36":{"start":{"line":297,"column":4},"end":{"line":299,"column":80}},"37":{"start":{"line":348,"column":0},"end":{"line":378,"column":3}},"38":{"start":{"line":349,"column":2},"end":{"line":377,"column":3}},"39":{"start":{"line":350,"column":26},"end":{"line":350,"column":50}},"40":{"start":{"line":351,"column":23},"end":{"line":351,"column":31}},"41":{"start":{"line":352,"column":19},"end":{"line":352,"column":36}},"42":{"start":{"line":354,"column":24},"end":{"line":354,"column":65}},"43":{"start":{"line":355,"column":4},"end":{"line":357,"column":5}},"44":{"start":{"line":356,"column":6},"end":{"line":356,"column":72}},"45":{"start":{"line":359,"column":4},"end":{"line":361,"column":5}},"46":{"start":{"line":360,"column":6},"end":{"line":360,"column":69}},"47":{"start":{"line":363,"column":31},"end":{"line":367,"column":5}},"48":{"start":{"line":369,"column":4},"end":{"line":372,"column":7}},"49":{"start":{"line":374,"column":4},"end":{"line":376,"column":74}},"50":{"start":{"line":415,"column":0},"end":{"line":437,"column":3}},"51":{"start":{"line":416,"column":2},"end":{"line":436,"column":3}},"52":{"start":{"line":417,"column":26},"end":{"line":417,"column":50}},"53":{"start":{"line":418,"column":19},"end":{"line":418,"column":36}},"54":{"start":{"line":420,"column":24},"end":{"line":420,"column":65}},"55":{"start":{"line":421,"column":4},"end":{"line":423,"column":5}},"56":{"start":{"line":422,"column":6},"end":{"line":422,"column":72}},"57":{"start":{"line":425,"column":4},"end":{"line":427,"column":5}},"58":{"start":{"line":426,"column":6},"end":{"line":426,"column":69}},"59":{"start":{"line":429,"column":4},"end":{"line":429,"column":55}},"60":{"start":{"line":431,"column":4},"end":{"line":431,"column":75}},"61":{"start":{"line":433,"column":4},"end":{"line":435,"column":74}}},"fnMap":{"0":{"name":"(anonymous_0)","decl":{"start":{"line":66,"column":16},"end":{"line":66,"column":17}},"loc":{"start":{"line":66,"column":36},"end":{"line":75,"column":1}},"line":66},"1":{"name":"(anonymous_1)","decl":{"start":{"line":124,"column":30},"end":{"line":124,"column":31}},"loc":{"start":{"line":124,"column":50},"end":{"line":148,"column":1}},"line":124},"2":{"name":"(anonymous_2)","decl":{"start":{"line":224,"column":31},"end":{"line":224,"column":32}},"loc":{"start":{"line":224,"column":51},"end":{"line":303,"column":1}},"line":224},"3":{"name":"(anonymous_3)","decl":{"start":{"line":348,"column":44},"end":{"line":348,"column":45}},"loc":{"start":{"line":348,"column":64},"end":{"line":378,"column":1}},"line":348},"4":{"name":"(anonymous_4)","decl":{"start":{"line":415,"column":47},"end":{"line":415,"column":48}},"loc":{"start":{"line":415,"column":67},"end":{"line":437,"column":1}},"line":415}},"branchMap":{"0":{"loc":{"start":{"line":138,"column":4},"end":{"line":140,"column":5}},"type":"if","locations":[{"start":{"line":138,"column":4},"end":{"line":140,"column":5}},{"start":{},"end":{}}],"line":138},"1":{"loc":{"start":{"line":230,"column":4},"end":{"line":232,"column":5}},"type":"if","locations":[{"start":{"line":230,"column":4},"end":{"line":232,"column":5}},{"start":{},"end":{}}],"line":230},"2":{"loc":{"start":{"line":230,"column":8},"end":{"line":230,"column":59}},"type":"binary-expr","locations":[{"start":{"line":230,"column":8},"end":{"line":230,"column":18}},{"start":{"line":230,"column":22},"end":{"line":230,"column":32}},{"start":{"line":230,"column":36},"end":{"line":230,"column":44}},{"start":{"line":230,"column":48},"end":{"line":230,"column":59}}],"line":230},"3":{"loc":{"start":{"line":239,"column":4},"end":{"line":243,"column":5}},"type":"if","locations":[{"start":{"line":239,"column":4},"end":{"line":243,"column":5}},{"start":{},"end":{}}],"line":239},"4":{"loc":{"start":{"line":252,"column":4},"end":{"line":256,"column":5}},"type":"if","locations":[{"start":{"line":252,"column":4},"end":{"line":256,"column":5}},{"start":{},"end":{}}],"line":252},"5":{"loc":{"start":{"line":260,"column":4},"end":{"line":262,"column":5}},"type":"if","locations":[{"start":{"line":260,"column":4},"end":{"line":262,"column":5}},{"start":{},"end":{}}],"line":260},"6":{"loc":{"start":{"line":260,"column":8},"end":{"line":260,"column":69}},"type":"binary-expr","locations":[{"start":{"line":260,"column":8},"end":{"line":260,"column":17}},{"start":{"line":260,"column":21},"end":{"line":260,"column":69}}],"line":260},"7":{"loc":{"start":{"line":355,"column":4},"end":{"line":357,"column":5}},"type":"if","locations":[{"start":{"line":355,"column":4},"end":{"line":357,"column":5}},{"start":{},"end":{}}],"line":355},"8":{"loc":{"start":{"line":359,"column":4},"end":{"line":361,"column":5}},"type":"if","locations":[{"start":{"line":359,"column":4},"end":{"line":361,"column":5}},{"start":{},"end":{}}],"line":359},"9":{"loc":{"start":{"line":421,"column":4},"end":{"line":423,"column":5}},"type":"if","locations":[{"start":{"line":421,"column":4},"end":{"line":423,"column":5}},{"start":{},"end":{}}],"line":421},"10":{"loc":{"start":{"line":425,"column":4},"end":{"line":427,"column":5}},"type":"if","locations":[{"start":{"line":425,"column":4},"end":{"line":427,"column":5}},{"start":{},"end":{}}],"line":425}},"s":{"0":3,"1":3,"2":0,"3":0,"4":0,"5":0,"6":3,"7":0,"8":0,"9":0,"10":0,"11":0,"12":0,"13":0,"14":3,"15":0,"16":0,"17":0,"18":0,"19":0,"20":0,"21":0,"22":0,"23":0,"24":0,"25":0,"26":0,"27":0,"28":0,"29":0,"30":0,"31":0,"32":0,"33":0,"34":0,"35":0,"36":0,"37":3,"38":0,"39":0,"40":0,"41":0,"42":0,"43":0,"44":0,"45":0,"46":0,"47":0,"48":0,"49":0,"50":3,"51":0,"52":0,"53":0,"54":0,"55":0,"56":0,"57":0,"58":0,"59":0,"60":0,"61":0},"f":{"0":0,"1":0,"2":0,"3":0,"4":0},"b":{"0":[0,0],"1":[0,0],"2":[0,0,0,0],"3":[0,0],"4":[0,0],"5":[0,0],"6":[0,0],"7":[0,0],"8":[0,0],"9":[0,0],"10":[0,0]},"_coverageSchema":"1a1c01bbd47fc00a2c39e90264f33305004495a9","hash":"64ac8d787e9a9be6bfed6616f55106552e733605"}
,"/Users/larahoerler/Desktop/ArchiOWeb/Projet-archioweb/routes/users.js": {"path":"/Users/larahoerler/Desktop/ArchiOWeb/Projet-archioweb/routes/users.js","statementMap":{"0":{"start":{"line":8,"column":15},"end":{"line":8,"column":31}},"1":{"start":{"line":9,"column":18},"end":{"line":9,"column":54}},"2":{"start":{"line":66,"column":0},"end":{"line":111,"column":3}},"3":{"start":{"line":67,"column":2},"end":{"line":110,"column":3}},"4":{"start":{"line":69,"column":17},"end":{"line":69,"column":46}},"5":{"start":{"line":70,"column":18},"end":{"line":70,"column":49}},"6":{"start":{"line":71,"column":17},"end":{"line":71,"column":35}},"7":{"start":{"line":73,"column":32},"end":{"line":92,"column":6}},"8":{"start":{"line":95,"column":23},"end":{"line":95,"column":50}},"9":{"start":{"line":97,"column":4},"end":{"line":97,"column":37}},"10":{"start":{"line":98,"column":4},"end":{"line":98,"column":111}},"11":{"start":{"line":100,"column":4},"end":{"line":105,"column":7}},"12":{"start":{"line":107,"column":4},"end":{"line":109,"column":74}},"13":{"start":{"line":161,"column":0},"end":{"line":171,"column":3}},"14":{"start":{"line":162,"column":2},"end":{"line":170,"column":3}},"15":{"start":{"line":163,"column":17},"end":{"line":163,"column":68}},"16":{"start":{"line":164,"column":4},"end":{"line":166,"column":5}},"17":{"start":{"line":165,"column":6},"end":{"line":165,"column":71}},"18":{"start":{"line":167,"column":4},"end":{"line":167,"column":19}},"19":{"start":{"line":169,"column":4},"end":{"line":169,"column":77}},"20":{"start":{"line":214,"column":0},"end":{"line":233,"column":3}},"21":{"start":{"line":215,"column":2},"end":{"line":232,"column":3}},"22":{"start":{"line":216,"column":56},"end":{"line":216,"column":64}},"23":{"start":{"line":217,"column":27},"end":{"line":217,"column":58}},"24":{"start":{"line":219,"column":20},"end":{"line":224,"column":6}},"25":{"start":{"line":226,"column":4},"end":{"line":226,"column":25}},"26":{"start":{"line":227,"column":4},"end":{"line":227,"column":34}},"27":{"start":{"line":229,"column":4},"end":{"line":231,"column":70}},"28":{"start":{"line":285,"column":0},"end":{"line":318,"column":3}},"29":{"start":{"line":286,"column":2},"end":{"line":317,"column":3}},"30":{"start":{"line":287,"column":56},"end":{"line":287,"column":64}},"31":{"start":{"line":290,"column":24},"end":{"line":302,"column":5}},"32":{"start":{"line":304,"column":4},"end":{"line":306,"column":5}},"33":{"start":{"line":305,"column":6},"end":{"line":305,"column":71}},"34":{"start":{"line":309,"column":4},"end":{"line":312,"column":7}},"35":{"start":{"line":314,"column":4},"end":{"line":316,"column":73}},"36":{"start":{"line":364,"column":0},"end":{"line":387,"column":3}},"37":{"start":{"line":365,"column":2},"end":{"line":386,"column":3}},"38":{"start":{"line":366,"column":19},"end":{"line":366,"column":36}},"39":{"start":{"line":367,"column":23},"end":{"line":367,"column":40}},"40":{"start":{"line":370,"column":4},"end":{"line":372,"column":5}},"41":{"start":{"line":371,"column":6},"end":{"line":371,"column":69}},"42":{"start":{"line":375,"column":17},"end":{"line":375,"column":53}},"43":{"start":{"line":377,"column":4},"end":{"line":379,"column":5}},"44":{"start":{"line":378,"column":6},"end":{"line":378,"column":71}},"45":{"start":{"line":381,"column":4},"end":{"line":381,"column":74}},"46":{"start":{"line":383,"column":4},"end":{"line":385,"column":73}}},"fnMap":{"0":{"name":"(anonymous_0)","decl":{"start":{"line":66,"column":16},"end":{"line":66,"column":17}},"loc":{"start":{"line":66,"column":36},"end":{"line":111,"column":1}},"line":66},"1":{"name":"(anonymous_1)","decl":{"start":{"line":161,"column":23},"end":{"line":161,"column":24}},"loc":{"start":{"line":161,"column":43},"end":{"line":171,"column":1}},"line":161},"2":{"name":"(anonymous_2)","decl":{"start":{"line":214,"column":17},"end":{"line":214,"column":18}},"loc":{"start":{"line":214,"column":37},"end":{"line":233,"column":1}},"line":214},"3":{"name":"(anonymous_3)","decl":{"start":{"line":285,"column":23},"end":{"line":285,"column":24}},"loc":{"start":{"line":285,"column":43},"end":{"line":318,"column":1}},"line":285},"4":{"name":"(anonymous_4)","decl":{"start":{"line":364,"column":40},"end":{"line":364,"column":41}},"loc":{"start":{"line":364,"column":60},"end":{"line":387,"column":1}},"line":364}},"branchMap":{"0":{"loc":{"start":{"line":9,"column":18},"end":{"line":9,"column":54}},"type":"binary-expr","locations":[{"start":{"line":9,"column":18},"end":{"line":9,"column":40}},{"start":{"line":9,"column":44},"end":{"line":9,"column":54}}],"line":9},"1":{"loc":{"start":{"line":69,"column":17},"end":{"line":69,"column":46}},"type":"binary-expr","locations":[{"start":{"line":69,"column":17},"end":{"line":69,"column":41}},{"start":{"line":69,"column":45},"end":{"line":69,"column":46}}],"line":69},"2":{"loc":{"start":{"line":70,"column":18},"end":{"line":70,"column":49}},"type":"binary-expr","locations":[{"start":{"line":70,"column":18},"end":{"line":70,"column":43}},{"start":{"line":70,"column":47},"end":{"line":70,"column":49}}],"line":70},"3":{"loc":{"start":{"line":164,"column":4},"end":{"line":166,"column":5}},"type":"if","locations":[{"start":{"line":164,"column":4},"end":{"line":166,"column":5}},{"start":{},"end":{}}],"line":164},"4":{"loc":{"start":{"line":304,"column":4},"end":{"line":306,"column":5}},"type":"if","locations":[{"start":{"line":304,"column":4},"end":{"line":306,"column":5}},{"start":{},"end":{}}],"line":304},"5":{"loc":{"start":{"line":370,"column":4},"end":{"line":372,"column":5}},"type":"if","locations":[{"start":{"line":370,"column":4},"end":{"line":372,"column":5}},{"start":{},"end":{}}],"line":370},"6":{"loc":{"start":{"line":377,"column":4},"end":{"line":379,"column":5}},"type":"if","locations":[{"start":{"line":377,"column":4},"end":{"line":379,"column":5}},{"start":{},"end":{}}],"line":377}},"s":{"0":3,"1":3,"2":3,"3":1,"4":1,"5":1,"6":1,"7":1,"8":1,"9":1,"10":1,"11":1,"12":0,"13":3,"14":2,"15":2,"16":2,"17":1,"18":1,"19":0,"20":3,"21":3,"22":3,"23":3,"24":3,"25":3,"26":1,"27":2,"28":3,"29":1,"30":1,"31":1,"32":1,"33":0,"34":1,"35":0,"36":3,"37":1,"38":1,"39":1,"40":1,"41":0,"42":1,"43":1,"44":0,"45":1,"46":0},"f":{"0":1,"1":2,"2":3,"3":1,"4":1},"b":{"0":[3,0],"1":[1,0],"2":[1,0],"3":[1,1],"4":[0,1],"5":[0,1],"6":[0,1]},"_coverageSchema":"1a1c01bbd47fc00a2c39e90264f33305004495a9","hash":"e4a394b95620b4bc1b749a73ba5b920873b3f9b4"}
,"/Users/larahoerler/Desktop/ArchiOWeb/Projet-archioweb/routes/vehicules.js": {"path":"/Users/larahoerler/Desktop/ArchiOWeb/Projet-archioweb/routes/vehicules.js","statementMap":{"0":{"start":{"line":8,"column":15},"end":{"line":8,"column":31}},"1":{"start":{"line":26,"column":0},"end":{"line":35,"column":3}},"2":{"start":{"line":27,"column":2},"end":{"line":34,"column":3}},"3":{"start":{"line":28,"column":22},"end":{"line":28,"column":43}},"4":{"start":{"line":29,"column":4},"end":{"line":29,"column":24}},"5":{"start":{"line":31,"column":4},"end":{"line":33,"column":71}},"6":{"start":{"line":54,"column":0},"end":{"line":70,"column":3}},"7":{"start":{"line":55,"column":2},"end":{"line":69,"column":3}},"8":{"start":{"line":56,"column":23},"end":{"line":56,"column":44}},"9":{"start":{"line":59,"column":21},"end":{"line":59,"column":56}},"10":{"start":{"line":62,"column":4},"end":{"line":64,"column":5}},"11":{"start":{"line":63,"column":6},"end":{"line":63,"column":68}},"12":{"start":{"line":66,"column":4},"end":{"line":66,"column":35}},"13":{"start":{"line":68,"column":4},"end":{"line":68,"column":82}},"14":{"start":{"line":89,"column":0},"end":{"line":101,"column":3}},"15":{"start":{"line":90,"column":2},"end":{"line":100,"column":3}},"16":{"start":{"line":91,"column":24},"end":{"line":91,"column":46}},"17":{"start":{"line":93,"column":4},"end":{"line":93,"column":29}},"18":{"start":{"line":94,"column":4},"end":{"line":94,"column":43}},"19":{"start":{"line":95,"column":4},"end":{"line":95,"column":35}},"20":{"start":{"line":96,"column":4},"end":{"line":96,"column":29}},"21":{"start":{"line":97,"column":4},"end":{"line":97,"column":73}},"22":{"start":{"line":99,"column":4},"end":{"line":99,"column":70}},"23":{"start":{"line":118,"column":0},"end":{"line":156,"column":3}},"24":{"start":{"line":119,"column":2},"end":{"line":155,"column":3}},"25":{"start":{"line":120,"column":4},"end":{"line":120,"column":66}},"26":{"start":{"line":121,"column":23},"end":{"line":121,"column":44}},"27":{"start":{"line":122,"column":23},"end":{"line":122,"column":31}},"28":{"start":{"line":124,"column":21},"end":{"line":124,"column":56}},"29":{"start":{"line":125,"column":4},"end":{"line":125,"column":46}},"30":{"start":{"line":127,"column":4},"end":{"line":129,"column":5}},"31":{"start":{"line":128,"column":6},"end":{"line":128,"column":68}},"32":{"start":{"line":131,"column":4},"end":{"line":135,"column":6}},"33":{"start":{"line":136,"column":4},"end":{"line":138,"column":5}},"34":{"start":{"line":137,"column":6},"end":{"line":137,"column":69}},"35":{"start":{"line":140,"column":28},"end":{"line":144,"column":5}},"36":{"start":{"line":145,"column":4},"end":{"line":145,"column":56}},"37":{"start":{"line":147,"column":4},"end":{"line":149,"column":59}},"38":{"start":{"line":151,"column":4},"end":{"line":151,"column":59}},"39":{"start":{"line":152,"column":4},"end":{"line":154,"column":68}},"40":{"start":{"line":172,"column":0},"end":{"line":197,"column":3}},"41":{"start":{"line":173,"column":2},"end":{"line":196,"column":3}},"42":{"start":{"line":174,"column":23},"end":{"line":174,"column":44}},"43":{"start":{"line":175,"column":19},"end":{"line":175,"column":36}},"44":{"start":{"line":178,"column":21},"end":{"line":178,"column":56}},"45":{"start":{"line":181,"column":4},"end":{"line":183,"column":5}},"46":{"start":{"line":182,"column":6},"end":{"line":182,"column":68}},"47":{"start":{"line":186,"column":4},"end":{"line":188,"column":5}},"48":{"start":{"line":187,"column":6},"end":{"line":187,"column":69}},"49":{"start":{"line":191,"column":4},"end":{"line":191,"column":49}},"50":{"start":{"line":193,"column":4},"end":{"line":193,"column":71}},"51":{"start":{"line":195,"column":4},"end":{"line":195,"column":81}}},"fnMap":{"0":{"name":"(anonymous_0)","decl":{"start":{"line":26,"column":16},"end":{"line":26,"column":17}},"loc":{"start":{"line":26,"column":36},"end":{"line":35,"column":1}},"line":26},"1":{"name":"(anonymous_1)","decl":{"start":{"line":54,"column":27},"end":{"line":54,"column":28}},"loc":{"start":{"line":54,"column":47},"end":{"line":70,"column":1}},"line":54},"2":{"name":"(anonymous_2)","decl":{"start":{"line":89,"column":31},"end":{"line":89,"column":32}},"loc":{"start":{"line":89,"column":51},"end":{"line":101,"column":1}},"line":89},"3":{"name":"(anonymous_3)","decl":{"start":{"line":118,"column":41},"end":{"line":118,"column":42}},"loc":{"start":{"line":118,"column":61},"end":{"line":156,"column":1}},"line":118},"4":{"name":"(anonymous_4)","decl":{"start":{"line":172,"column":44},"end":{"line":172,"column":45}},"loc":{"start":{"line":172,"column":64},"end":{"line":197,"column":1}},"line":172}},"branchMap":{"0":{"loc":{"start":{"line":62,"column":4},"end":{"line":64,"column":5}},"type":"if","locations":[{"start":{"line":62,"column":4},"end":{"line":64,"column":5}},{"start":{},"end":{}}],"line":62},"1":{"loc":{"start":{"line":127,"column":4},"end":{"line":129,"column":5}},"type":"if","locations":[{"start":{"line":127,"column":4},"end":{"line":129,"column":5}},{"start":{},"end":{}}],"line":127},"2":{"loc":{"start":{"line":136,"column":4},"end":{"line":138,"column":5}},"type":"if","locations":[{"start":{"line":136,"column":4},"end":{"line":138,"column":5}},{"start":{},"end":{}}],"line":136},"3":{"loc":{"start":{"line":181,"column":4},"end":{"line":183,"column":5}},"type":"if","locations":[{"start":{"line":181,"column":4},"end":{"line":183,"column":5}},{"start":{},"end":{}}],"line":181},"4":{"loc":{"start":{"line":186,"column":4},"end":{"line":188,"column":5}},"type":"if","locations":[{"start":{"line":186,"column":4},"end":{"line":188,"column":5}},{"start":{},"end":{}}],"line":186}},"s":{"0":3,"1":3,"2":1,"3":1,"4":1,"5":0,"6":3,"7":0,"8":0,"9":0,"10":0,"11":0,"12":0,"13":0,"14":3,"15":1,"16":1,"17":1,"18":1,"19":1,"20":1,"21":0,"22":1,"23":3,"24":0,"25":0,"26":0,"27":0,"28":0,"29":0,"30":0,"31":0,"32":0,"33":0,"34":0,"35":0,"36":0,"37":0,"38":0,"39":0,"40":3,"41":0,"42":0,"43":0,"44":0,"45":0,"46":0,"47":0,"48":0,"49":0,"50":0,"51":0},"f":{"0":1,"1":0,"2":1,"3":0,"4":0},"b":{"0":[0,0],"1":[0,0],"2":[0,0],"3":[0,0],"4":[0,0]},"_coverageSchema":"1a1c01bbd47fc00a2c39e90264f33305004495a9","hash":"df1e353381e44503ab79a6d1dddcdd78c199519d"}
,"/Users/larahoerler/Desktop/ArchiOWeb/Projet-archioweb/spec/utils.js": {"path":"/Users/larahoerler/Desktop/ArchiOWeb/Projet-archioweb/spec/utils.js","statementMap":{"0":{"start":{"line":6,"column":16},"end":{"line":6,"column":35}},"1":{"start":{"line":8,"column":31},"end":{"line":10,"column":1}},"2":{"start":{"line":9,"column":2},"end":{"line":9,"column":41}},"3":{"start":{"line":14,"column":14},"end":{"line":14,"column":66}},"4":{"start":{"line":15,"column":17},"end":{"line":15,"column":55}},"5":{"start":{"line":16,"column":2},"end":{"line":16,"column":36}}},"fnMap":{"0":{"name":"(anonymous_0)","decl":{"start":{"line":8,"column":31},"end":{"line":8,"column":32}},"loc":{"start":{"line":8,"column":49},"end":{"line":10,"column":1}},"line":8},"1":{"name":"generateValidJwt","decl":{"start":{"line":12,"column":16},"end":{"line":12,"column":32}},"loc":{"start":{"line":12,"column":39},"end":{"line":17,"column":1}},"line":12}},"branchMap":{},"s":{"0":3,"1":3,"2":21,"3":3,"4":3,"5":3},"f":{"0":21,"1":3},"b":{},"_coverageSchema":"1a1c01bbd47fc00a2c39e90264f33305004495a9","hash":"18d72e6af8328f3c2dfd0247f25fd0ccb697609c"}
}
