{"D:\\Archioweb\\parking\\app.js": {"path":"D:\\Archioweb\\parking\\app.js","statementMap":{"0":{"start":{"line":15,"column":0},"end":{"line":17,"column":2}},"1":{"start":{"line":19,"column":12},"end":{"line":19,"column":21}},"2":{"start":{"line":20,"column":0},"end":{"line":20,"column":16}},"3":{"start":{"line":23,"column":18},"end":{"line":23,"column":32}},"4":{"start":{"line":24,"column":0},"end":{"line":24,"column":65}},"5":{"start":{"line":26,"column":0},"end":{"line":26,"column":23}},"6":{"start":{"line":27,"column":0},"end":{"line":27,"column":24}},"7":{"start":{"line":28,"column":0},"end":{"line":28,"column":49}},"8":{"start":{"line":30,"column":0},"end":{"line":30,"column":26}},"9":{"start":{"line":31,"column":0},"end":{"line":31,"column":31}},"10":{"start":{"line":32,"column":0},"end":{"line":32,"column":39}},"11":{"start":{"line":33,"column":0},"end":{"line":33,"column":33}},"12":{"start":{"line":34,"column":0},"end":{"line":34,"column":45}},"13":{"start":{"line":35,"column":0},"end":{"line":35,"column":31}},"14":{"start":{"line":39,"column":0},"end":{"line":41,"column":3}},"15":{"start":{"line":40,"column":2},"end":{"line":40,"column":25}},"16":{"start":{"line":44,"column":0},"end":{"line":52,"column":3}},"17":{"start":{"line":46,"column":2},"end":{"line":46,"column":35}},"18":{"start":{"line":47,"column":2},"end":{"line":47,"column":69}},"19":{"start":{"line":50,"column":2},"end":{"line":50,"column":32}},"20":{"start":{"line":51,"column":2},"end":{"line":51,"column":24}}},"fnMap":{"0":{"name":"(anonymous_0)","decl":{"start":{"line":39,"column":8},"end":{"line":39,"column":9}},"loc":{"start":{"line":39,"column":34},"end":{"line":41,"column":1}},"line":39},"1":{"name":"(anonymous_1)","decl":{"start":{"line":44,"column":8},"end":{"line":44,"column":9}},"loc":{"start":{"line":44,"column":39},"end":{"line":52,"column":1}},"line":44}},"branchMap":{"0":{"loc":{"start":{"line":16,"column":2},"end":{"line":16,"column":76}},"type":"binary-expr","locations":[{"start":{"line":16,"column":2},"end":{"line":16,"column":26}},{"start":{"line":16,"column":30},"end":{"line":16,"column":76}}],"line":16},"1":{"loc":{"start":{"line":47,"column":21},"end":{"line":47,"column":68}},"type":"cond-expr","locations":[{"start":{"line":47,"column":60},"end":{"line":47,"column":63}},{"start":{"line":47,"column":66},"end":{"line":47,"column":68}}],"line":47},"2":{"loc":{"start":{"line":50,"column":13},"end":{"line":50,"column":30}},"type":"binary-expr","locations":[{"start":{"line":50,"column":13},"end":{"line":50,"column":23}},{"start":{"line":50,"column":27},"end":{"line":50,"column":30}}],"line":50}},"s":{"0":2,"1":2,"2":2,"3":2,"4":2,"5":2,"6":2,"7":2,"8":2,"9":2,"10":2,"11":2,"12":2,"13":2,"14":2,"15":0,"16":2,"17":0,"18":0,"19":0,"20":0},"f":{"0":0,"1":0},"b":{"0":[2,0],"1":[0,0],"2":[0,0]},"_coverageSchema":"1a1c01bbd47fc00a2c39e90264f33305004495a9","hash":"0db2d64cad38fe9f5ba36d4bb57b7c31623944ba"}
,"D:\\Archioweb\\parking\\auth.js": {"path":"D:\\Archioweb\\parking\\auth.js","statementMap":{"0":{"start":{"line":3,"column":0},"end":{"line":3,"column":16}},"1":{"start":{"line":4,"column":18},"end":{"line":4,"column":40}},"2":{"start":{"line":8,"column":24},"end":{"line":8,"column":48}},"3":{"start":{"line":9,"column":2},"end":{"line":11,"column":3}},"4":{"start":{"line":10,"column":4},"end":{"line":10,"column":67}},"5":{"start":{"line":13,"column":16},"end":{"line":13,"column":52}},"6":{"start":{"line":14,"column":2},"end":{"line":16,"column":3}},"7":{"start":{"line":15,"column":4},"end":{"line":15,"column":78}},"8":{"start":{"line":18,"column":16},"end":{"line":18,"column":24}},"9":{"start":{"line":19,"column":2},"end":{"line":26,"column":5}},"10":{"start":{"line":20,"column":4},"end":{"line":25,"column":5}},"11":{"start":{"line":21,"column":6},"end":{"line":21,"column":74}},"12":{"start":{"line":23,"column":6},"end":{"line":23,"column":38}},"13":{"start":{"line":24,"column":6},"end":{"line":24,"column":13}}},"fnMap":{"0":{"name":"authenticate","decl":{"start":{"line":6,"column":9},"end":{"line":6,"column":21}},"loc":{"start":{"line":6,"column":38},"end":{"line":27,"column":1}},"line":6},"1":{"name":"(anonymous_1)","decl":{"start":{"line":19,"column":31},"end":{"line":19,"column":32}},"loc":{"start":{"line":19,"column":55},"end":{"line":26,"column":3}},"line":19}},"branchMap":{"0":{"loc":{"start":{"line":9,"column":2},"end":{"line":11,"column":3}},"type":"if","locations":[{"start":{"line":9,"column":2},"end":{"line":11,"column":3}},{"start":{},"end":{}}],"line":9},"1":{"loc":{"start":{"line":14,"column":2},"end":{"line":16,"column":3}},"type":"if","locations":[{"start":{"line":14,"column":2},"end":{"line":16,"column":3}},{"start":{},"end":{}}],"line":14},"2":{"loc":{"start":{"line":20,"column":4},"end":{"line":25,"column":5}},"type":"if","locations":[{"start":{"line":20,"column":4},"end":{"line":25,"column":5}},{"start":{"line":22,"column":11},"end":{"line":25,"column":5}}],"line":20}},"s":{"0":2,"1":2,"2":2,"3":2,"4":1,"5":1,"6":1,"7":0,"8":1,"9":1,"10":1,"11":0,"12":1,"13":1},"f":{"0":2,"1":1},"b":{"0":[1,1],"1":[0,1],"2":[0,1]},"_coverageSchema":"1a1c01bbd47fc00a2c39e90264f33305004495a9","hash":"fcf6c7bd9e93404a51afb916bed8cdae87b71d9c"}
,"D:\\Archioweb\\parking\\config.js": {"path":"D:\\Archioweb\\parking\\config.js","statementMap":{"0":{"start":{"line":2,"column":18},"end":{"line":2,"column":54}}},"fnMap":{},"branchMap":{"0":{"loc":{"start":{"line":2,"column":18},"end":{"line":2,"column":54}},"type":"binary-expr","locations":[{"start":{"line":2,"column":18},"end":{"line":2,"column":40}},{"start":{"line":2,"column":44},"end":{"line":2,"column":54}}],"line":2}},"s":{"0":2},"f":{},"b":{"0":[2,0]},"_coverageSchema":"1a1c01bbd47fc00a2c39e90264f33305004495a9","hash":"574f77681553c329465f28e58d885a06decdaca9"}
,"D:\\Archioweb\\parking\\ws.js": {"path":"D:\\Archioweb\\parking\\ws.js","statementMap":{"0":{"start":{"line":4,"column":14},"end":{"line":4,"column":53}},"1":{"start":{"line":6,"column":16},"end":{"line":6,"column":18}},"2":{"start":{"line":9,"column":4},"end":{"line":9,"column":39}},"3":{"start":{"line":10,"column":16},"end":{"line":12,"column":6}},"4":{"start":{"line":15,"column":4},"end":{"line":41,"column":7}},"5":{"start":{"line":16,"column":8},"end":{"line":16,"column":48}},"6":{"start":{"line":19,"column":8},"end":{"line":19,"column":25}},"7":{"start":{"line":22,"column":8},"end":{"line":34,"column":11}},"8":{"start":{"line":25,"column":12},"end":{"line":30,"column":13}},"9":{"start":{"line":26,"column":16},"end":{"line":26,"column":52}},"10":{"start":{"line":29,"column":16},"end":{"line":29,"column":74}},"11":{"start":{"line":33,"column":12},"end":{"line":33,"column":49}},"12":{"start":{"line":37,"column":8},"end":{"line":40,"column":11}},"13":{"start":{"line":38,"column":12},"end":{"line":38,"column":51}},"14":{"start":{"line":39,"column":12},"end":{"line":39,"column":51}},"15":{"start":{"line":45,"column":4},"end":{"line":47,"column":6}},"16":{"start":{"line":48,"column":4},"end":{"line":50,"column":5}},"17":{"start":{"line":49,"column":8},"end":{"line":49,"column":45}},"18":{"start":{"line":54,"column":4},"end":{"line":54,"column":68}}},"fnMap":{"0":{"name":"createWSServer","decl":{"start":{"line":8,"column":16},"end":{"line":8,"column":30}},"loc":{"start":{"line":8,"column":43},"end":{"line":42,"column":1}},"line":8},"1":{"name":"(anonymous_1)","decl":{"start":{"line":15,"column":25},"end":{"line":15,"column":26}},"loc":{"start":{"line":15,"column":39},"end":{"line":41,"column":5}},"line":15},"2":{"name":"(anonymous_2)","decl":{"start":{"line":22,"column":25},"end":{"line":22,"column":26}},"loc":{"start":{"line":22,"column":38},"end":{"line":34,"column":9}},"line":22},"3":{"name":"(anonymous_3)","decl":{"start":{"line":37,"column":23},"end":{"line":37,"column":24}},"loc":{"start":{"line":37,"column":29},"end":{"line":40,"column":9}},"line":37},"4":{"name":"broadcastMessage","decl":{"start":{"line":44,"column":16},"end":{"line":44,"column":32}},"loc":{"start":{"line":44,"column":42},"end":{"line":51,"column":1}},"line":44},"5":{"name":"onMessageReceived","decl":{"start":{"line":53,"column":9},"end":{"line":53,"column":26}},"loc":{"start":{"line":53,"column":40},"end":{"line":56,"column":1}},"line":53}},"branchMap":{},"s":{"0":2,"1":2,"2":0,"3":0,"4":0,"5":0,"6":0,"7":0,"8":0,"9":0,"10":0,"11":0,"12":0,"13":0,"14":0,"15":0,"16":0,"17":0,"18":0},"f":{"0":0,"1":0,"2":0,"3":0,"4":0,"5":0},"b":{},"_coverageSchema":"1a1c01bbd47fc00a2c39e90264f33305004495a9","hash":"685ed9a8376358802c172926db675991060fa059"}
,"D:\\Archioweb\\parking\\model\\Place.js": {"path":"D:\\Archioweb\\parking\\model\\Place.js","statementMap":{"0":{"start":{"line":5,"column":2},"end":{"line":11,"column":4}},"1":{"start":{"line":15,"column":2},"end":{"line":15,"column":37}},"2":{"start":{"line":19,"column":2},"end":{"line":19,"column":39}},"3":{"start":{"line":23,"column":20},"end":{"line":66,"column":2}},"4":{"start":{"line":73,"column":21},"end":{"line":73,"column":48}}},"fnMap":{"0":{"name":"validateGeoJsonCoordinates","decl":{"start":{"line":4,"column":9},"end":{"line":4,"column":35}},"loc":{"start":{"line":4,"column":43},"end":{"line":12,"column":1}},"line":4},"1":{"name":"isLatitude","decl":{"start":{"line":14,"column":9},"end":{"line":14,"column":19}},"loc":{"start":{"line":14,"column":27},"end":{"line":16,"column":1}},"line":14},"2":{"name":"isLongitude","decl":{"start":{"line":18,"column":9},"end":{"line":18,"column":20}},"loc":{"start":{"line":18,"column":28},"end":{"line":20,"column":1}},"line":18}},"branchMap":{"0":{"loc":{"start":{"line":6,"column":4},"end":{"line":10,"column":24}},"type":"binary-expr","locations":[{"start":{"line":6,"column":4},"end":{"line":6,"column":24}},{"start":{"line":7,"column":4},"end":{"line":7,"column":21}},{"start":{"line":8,"column":4},"end":{"line":8,"column":21}},{"start":{"line":9,"column":4},"end":{"line":9,"column":25}},{"start":{"line":10,"column":4},"end":{"line":10,"column":24}}],"line":6},"1":{"loc":{"start":{"line":15,"column":9},"end":{"line":15,"column":36}},"type":"binary-expr","locations":[{"start":{"line":15,"column":9},"end":{"line":15,"column":21}},{"start":{"line":15,"column":25},"end":{"line":15,"column":36}}],"line":15},"2":{"loc":{"start":{"line":19,"column":9},"end":{"line":19,"column":38}},"type":"binary-expr","locations":[{"start":{"line":19,"column":9},"end":{"line":19,"column":22}},{"start":{"line":19,"column":26},"end":{"line":19,"column":38}}],"line":19}},"s":{"0":0,"1":0,"2":0,"3":2,"4":2},"f":{"0":0,"1":0,"2":0},"b":{"0":[0,0,0,0,0],"1":[0,0],"2":[0,0]},"_coverageSchema":"1a1c01bbd47fc00a2c39e90264f33305004495a9","hash":"430753207173041c534c83a0d1c28937e49960e6"}
,"D:\\Archioweb\\parking\\model\\Reservation.js": {"path":"D:\\Archioweb\\parking\\model\\Reservation.js","statementMap":{"0":{"start":{"line":14,"column":26},"end":{"line":52,"column":2}},"1":{"start":{"line":55,"column":27},"end":{"line":55,"column":66}}},"fnMap":{},"branchMap":{},"s":{"0":2,"1":2},"f":{},"b":{},"_coverageSchema":"1a1c01bbd47fc00a2c39e90264f33305004495a9","hash":"3f10f9b06a0e930fb4e0135ecdea616fc30931fc"}
,"D:\\Archioweb\\parking\\model\\User.js": {"path":"D:\\Archioweb\\parking\\model\\User.js","statementMap":{"0":{"start":{"line":5,"column":19},"end":{"line":47,"column":2}},"1":{"start":{"line":49,"column":0},"end":{"line":51,"column":3}},"2":{"start":{"line":54,"column":2},"end":{"line":54,"column":23}},"3":{"start":{"line":55,"column":2},"end":{"line":55,"column":18}},"4":{"start":{"line":56,"column":2},"end":{"line":56,"column":14}},"5":{"start":{"line":61,"column":20},"end":{"line":61,"column":45}}},"fnMap":{"0":{"name":"transformJsonUser","decl":{"start":{"line":52,"column":9},"end":{"line":52,"column":26}},"loc":{"start":{"line":52,"column":47},"end":{"line":57,"column":1}},"line":52}},"branchMap":{},"s":{"0":2,"1":2,"2":6,"3":6,"4":6,"5":2},"f":{"0":6},"b":{},"_coverageSchema":"1a1c01bbd47fc00a2c39e90264f33305004495a9","hash":"db8464faba2f6545b3b3e6139171ec612c67e543"}
,"D:\\Archioweb\\parking\\model\\Vehicule.js": {"path":"D:\\Archioweb\\parking\\model\\Vehicule.js","statementMap":{"0":{"start":{"line":5,"column":23},"end":{"line":33,"column":2}},"1":{"start":{"line":36,"column":24},"end":{"line":36,"column":57}}},"fnMap":{},"branchMap":{},"s":{"0":2,"1":2},"f":{},"b":{},"_coverageSchema":"1a1c01bbd47fc00a2c39e90264f33305004495a9","hash":"909d3ba7b273cd2683baf71b4ed390864715c945"}
,"D:\\Archioweb\\parking\\routes\\index.js": {"path":"D:\\Archioweb\\parking\\routes\\index.js","statementMap":{"0":{"start":{"line":2,"column":15},"end":{"line":2,"column":31}},"1":{"start":{"line":4,"column":0},"end":{"line":6,"column":3}},"2":{"start":{"line":5,"column":2},"end":{"line":5,"column":24}}},"fnMap":{"0":{"name":"(anonymous_0)","decl":{"start":{"line":4,"column":16},"end":{"line":4,"column":17}},"loc":{"start":{"line":4,"column":42},"end":{"line":6,"column":1}},"line":4}},"branchMap":{},"s":{"0":2,"1":2,"2":0},"f":{"0":0},"b":{},"_coverageSchema":"1a1c01bbd47fc00a2c39e90264f33305004495a9","hash":"2e671d11ca9bb913ecb65505fe8f9df307dddd88"}
,"D:\\Archioweb\\parking\\routes\\login.js": {"path":"D:\\Archioweb\\parking\\routes\\login.js","statementMap":{"0":{"start":{"line":6,"column":15},"end":{"line":6,"column":31}},"1":{"start":{"line":7,"column":18},"end":{"line":7,"column":40}},"2":{"start":{"line":10,"column":0},"end":{"line":35,"column":3}},"3":{"start":{"line":11,"column":2},"end":{"line":34,"column":3}},"4":{"start":{"line":13,"column":15},"end":{"line":13,"column":66}},"5":{"start":{"line":14,"column":4},"end":{"line":14,"column":22}},"6":{"start":{"line":15,"column":4},"end":{"line":19,"column":5}},"7":{"start":{"line":16,"column":6},"end":{"line":18,"column":63}},"8":{"start":{"line":22,"column":27},"end":{"line":22,"column":67}},"9":{"start":{"line":25,"column":4},"end":{"line":25,"column":30}},"10":{"start":{"line":27,"column":4},"end":{"line":27,"column":35}},"11":{"start":{"line":29,"column":4},"end":{"line":29,"column":22}},"12":{"start":{"line":31,"column":4},"end":{"line":31,"column":64}},"13":{"start":{"line":33,"column":4},"end":{"line":33,"column":78}},"14":{"start":{"line":38,"column":0},"end":{"line":60,"column":3}},"15":{"start":{"line":39,"column":2},"end":{"line":59,"column":3}},"16":{"start":{"line":40,"column":17},"end":{"line":40,"column":68}},"17":{"start":{"line":41,"column":4},"end":{"line":43,"column":5}},"18":{"start":{"line":42,"column":6},"end":{"line":42,"column":57}},"19":{"start":{"line":44,"column":4},"end":{"line":44,"column":22}},"20":{"start":{"line":45,"column":4},"end":{"line":45,"column":35}},"21":{"start":{"line":46,"column":4},"end":{"line":46,"column":31}},"22":{"start":{"line":47,"column":18},"end":{"line":47,"column":72}},"23":{"start":{"line":48,"column":4},"end":{"line":50,"column":5}},"24":{"start":{"line":49,"column":6},"end":{"line":49,"column":61}},"25":{"start":{"line":53,"column":16},"end":{"line":53,"column":64}},"26":{"start":{"line":54,"column":18},"end":{"line":54,"column":61}},"27":{"start":{"line":56,"column":4},"end":{"line":56,"column":30}},"28":{"start":{"line":58,"column":4},"end":{"line":58,"column":80}}},"fnMap":{"0":{"name":"(anonymous_0)","decl":{"start":{"line":10,"column":23},"end":{"line":10,"column":24}},"loc":{"start":{"line":10,"column":43},"end":{"line":35,"column":1}},"line":10},"1":{"name":"(anonymous_1)","decl":{"start":{"line":38,"column":24},"end":{"line":38,"column":25}},"loc":{"start":{"line":38,"column":44},"end":{"line":60,"column":1}},"line":38}},"branchMap":{"0":{"loc":{"start":{"line":15,"column":4},"end":{"line":19,"column":5}},"type":"if","locations":[{"start":{"line":15,"column":4},"end":{"line":19,"column":5}},{"start":{},"end":{}}],"line":15},"1":{"loc":{"start":{"line":41,"column":4},"end":{"line":43,"column":5}},"type":"if","locations":[{"start":{"line":41,"column":4},"end":{"line":43,"column":5}},{"start":{},"end":{}}],"line":41},"2":{"loc":{"start":{"line":48,"column":4},"end":{"line":50,"column":5}},"type":"if","locations":[{"start":{"line":48,"column":4},"end":{"line":50,"column":5}},{"start":{},"end":{}}],"line":48}},"s":{"0":2,"1":2,"2":2,"3":3,"4":3,"5":3,"6":3,"7":0,"8":3,"9":3,"10":3,"11":3,"12":1,"13":2,"14":2,"15":4,"16":4,"17":4,"18":2,"19":2,"20":2,"21":2,"22":2,"23":2,"24":1,"25":1,"26":1,"27":1,"28":0},"f":{"0":3,"1":4},"b":{"0":[0,3],"1":[2,2],"2":[1,1]},"_coverageSchema":"1a1c01bbd47fc00a2c39e90264f33305004495a9","hash":"0d6abb4d97ae2426c703ea962e8811edc91a417e"}
,"D:\\Archioweb\\parking\\routes\\places.js": {"path":"D:\\Archioweb\\parking\\routes\\places.js","statementMap":{"0":{"start":{"line":12,"column":15},"end":{"line":12,"column":31}},"1":{"start":{"line":15,"column":0},"end":{"line":24,"column":3}},"2":{"start":{"line":16,"column":2},"end":{"line":23,"column":3}},"3":{"start":{"line":17,"column":19},"end":{"line":17,"column":39}},"4":{"start":{"line":18,"column":4},"end":{"line":18,"column":21}},"5":{"start":{"line":20,"column":4},"end":{"line":22,"column":68}},"6":{"start":{"line":29,"column":0},"end":{"line":47,"column":3}},"7":{"start":{"line":30,"column":2},"end":{"line":46,"column":3}},"8":{"start":{"line":31,"column":20},"end":{"line":31,"column":38}},"9":{"start":{"line":34,"column":18},"end":{"line":34,"column":47}},"10":{"start":{"line":37,"column":4},"end":{"line":39,"column":5}},"11":{"start":{"line":38,"column":6},"end":{"line":38,"column":66}},"12":{"start":{"line":41,"column":4},"end":{"line":41,"column":32}},"13":{"start":{"line":43,"column":4},"end":{"line":45,"column":69}},"14":{"start":{"line":49,"column":0},"end":{"line":65,"column":3}},"15":{"start":{"line":50,"column":2},"end":{"line":64,"column":3}},"16":{"start":{"line":51,"column":4},"end":{"line":51,"column":55}},"17":{"start":{"line":52,"column":4},"end":{"line":52,"column":43}},"18":{"start":{"line":54,"column":21},"end":{"line":57,"column":6}},"19":{"start":{"line":59,"column":4},"end":{"line":59,"column":26}},"20":{"start":{"line":60,"column":4},"end":{"line":60,"column":75}},"21":{"start":{"line":62,"column":4},"end":{"line":62,"column":68}},"22":{"start":{"line":63,"column":4},"end":{"line":63,"column":51}},"23":{"start":{"line":67,"column":0},"end":{"line":99,"column":3}},"24":{"start":{"line":68,"column":2},"end":{"line":98,"column":3}},"25":{"start":{"line":69,"column":20},"end":{"line":69,"column":38}},"26":{"start":{"line":70,"column":23},"end":{"line":70,"column":31}},"27":{"start":{"line":71,"column":19},"end":{"line":71,"column":36}},"28":{"start":{"line":74,"column":18},"end":{"line":74,"column":47}},"29":{"start":{"line":77,"column":4},"end":{"line":79,"column":5}},"30":{"start":{"line":78,"column":6},"end":{"line":78,"column":66}},"31":{"start":{"line":82,"column":4},"end":{"line":84,"column":5}},"32":{"start":{"line":83,"column":6},"end":{"line":83,"column":69}},"33":{"start":{"line":87,"column":25},"end":{"line":89,"column":6}},"34":{"start":{"line":91,"column":4},"end":{"line":93,"column":72}},"35":{"start":{"line":95,"column":4},"end":{"line":97,"column":68}},"36":{"start":{"line":101,"column":0},"end":{"line":129,"column":3}},"37":{"start":{"line":102,"column":2},"end":{"line":128,"column":3}},"38":{"start":{"line":103,"column":20},"end":{"line":103,"column":38}},"39":{"start":{"line":104,"column":19},"end":{"line":104,"column":36}},"40":{"start":{"line":107,"column":18},"end":{"line":107,"column":47}},"41":{"start":{"line":110,"column":4},"end":{"line":112,"column":5}},"42":{"start":{"line":111,"column":6},"end":{"line":111,"column":66}},"43":{"start":{"line":115,"column":17},"end":{"line":115,"column":44}},"44":{"start":{"line":118,"column":4},"end":{"line":120,"column":5}},"45":{"start":{"line":119,"column":6},"end":{"line":119,"column":69}},"46":{"start":{"line":123,"column":4},"end":{"line":123,"column":43}},"47":{"start":{"line":125,"column":4},"end":{"line":125,"column":69}},"48":{"start":{"line":127,"column":4},"end":{"line":127,"column":81}},"49":{"start":{"line":132,"column":0},"end":{"line":172,"column":3}},"50":{"start":{"line":133,"column":2},"end":{"line":171,"column":3}},"51":{"start":{"line":134,"column":20},"end":{"line":134,"column":38}},"52":{"start":{"line":135,"column":19},"end":{"line":135,"column":36}},"53":{"start":{"line":138,"column":18},"end":{"line":138,"column":47}},"54":{"start":{"line":139,"column":4},"end":{"line":141,"column":5}},"55":{"start":{"line":140,"column":6},"end":{"line":140,"column":66}},"56":{"start":{"line":144,"column":4},"end":{"line":146,"column":5}},"57":{"start":{"line":145,"column":6},"end":{"line":145,"column":67}},"58":{"start":{"line":149,"column":25},"end":{"line":151,"column":62}},"59":{"start":{"line":153,"column":4},"end":{"line":157,"column":5}},"60":{"start":{"line":154,"column":6},"end":{"line":156,"column":74}},"61":{"start":{"line":159,"column":20},"end":{"line":164,"column":7}},"62":{"start":{"line":159,"column":55},"end":{"line":164,"column":5}},"63":{"start":{"line":166,"column":4},"end":{"line":166,"column":52}},"64":{"start":{"line":168,"column":4},"end":{"line":170,"column":74}}},"fnMap":{"0":{"name":"(anonymous_0)","decl":{"start":{"line":15,"column":16},"end":{"line":15,"column":17}},"loc":{"start":{"line":15,"column":36},"end":{"line":24,"column":1}},"line":15},"1":{"name":"(anonymous_1)","decl":{"start":{"line":29,"column":24},"end":{"line":29,"column":25}},"loc":{"start":{"line":29,"column":44},"end":{"line":47,"column":1}},"line":29},"2":{"name":"(anonymous_2)","decl":{"start":{"line":49,"column":31},"end":{"line":49,"column":32}},"loc":{"start":{"line":49,"column":51},"end":{"line":65,"column":1}},"line":49},"3":{"name":"(anonymous_3)","decl":{"start":{"line":67,"column":38},"end":{"line":67,"column":39}},"loc":{"start":{"line":67,"column":58},"end":{"line":99,"column":1}},"line":67},"4":{"name":"(anonymous_4)","decl":{"start":{"line":101,"column":41},"end":{"line":101,"column":42}},"loc":{"start":{"line":101,"column":61},"end":{"line":129,"column":1}},"line":101},"5":{"name":"(anonymous_5)","decl":{"start":{"line":132,"column":51},"end":{"line":132,"column":52}},"loc":{"start":{"line":132,"column":71},"end":{"line":172,"column":1}},"line":132},"6":{"name":"(anonymous_6)","decl":{"start":{"line":159,"column":37},"end":{"line":159,"column":38}},"loc":{"start":{"line":159,"column":55},"end":{"line":164,"column":5}},"line":159}},"branchMap":{"0":{"loc":{"start":{"line":37,"column":4},"end":{"line":39,"column":5}},"type":"if","locations":[{"start":{"line":37,"column":4},"end":{"line":39,"column":5}},{"start":{},"end":{}}],"line":37},"1":{"loc":{"start":{"line":77,"column":4},"end":{"line":79,"column":5}},"type":"if","locations":[{"start":{"line":77,"column":4},"end":{"line":79,"column":5}},{"start":{},"end":{}}],"line":77},"2":{"loc":{"start":{"line":82,"column":4},"end":{"line":84,"column":5}},"type":"if","locations":[{"start":{"line":82,"column":4},"end":{"line":84,"column":5}},{"start":{},"end":{}}],"line":82},"3":{"loc":{"start":{"line":110,"column":4},"end":{"line":112,"column":5}},"type":"if","locations":[{"start":{"line":110,"column":4},"end":{"line":112,"column":5}},{"start":{},"end":{}}],"line":110},"4":{"loc":{"start":{"line":118,"column":4},"end":{"line":120,"column":5}},"type":"if","locations":[{"start":{"line":118,"column":4},"end":{"line":120,"column":5}},{"start":{},"end":{}}],"line":118},"5":{"loc":{"start":{"line":118,"column":8},"end":{"line":118,"column":68}},"type":"binary-expr","locations":[{"start":{"line":118,"column":8},"end":{"line":118,"column":53}},{"start":{"line":118,"column":57},"end":{"line":118,"column":68}}],"line":118},"6":{"loc":{"start":{"line":139,"column":4},"end":{"line":141,"column":5}},"type":"if","locations":[{"start":{"line":139,"column":4},"end":{"line":141,"column":5}},{"start":{},"end":{}}],"line":139},"7":{"loc":{"start":{"line":144,"column":4},"end":{"line":146,"column":5}},"type":"if","locations":[{"start":{"line":144,"column":4},"end":{"line":146,"column":5}},{"start":{},"end":{}}],"line":144},"8":{"loc":{"start":{"line":153,"column":4},"end":{"line":157,"column":5}},"type":"if","locations":[{"start":{"line":153,"column":4},"end":{"line":157,"column":5}},{"start":{},"end":{}}],"line":153},"9":{"loc":{"start":{"line":153,"column":8},"end":{"line":153,"column":50}},"type":"binary-expr","locations":[{"start":{"line":153,"column":8},"end":{"line":153,"column":21}},{"start":{"line":153,"column":25},"end":{"line":153,"column":50}}],"line":153}},"s":{"0":2,"1":2,"2":0,"3":0,"4":0,"5":0,"6":2,"7":0,"8":0,"9":0,"10":0,"11":0,"12":0,"13":0,"14":2,"15":0,"16":0,"17":0,"18":0,"19":0,"20":0,"21":0,"22":0,"23":2,"24":0,"25":0,"26":0,"27":0,"28":0,"29":0,"30":0,"31":0,"32":0,"33":0,"34":0,"35":0,"36":2,"37":0,"38":0,"39":0,"40":0,"41":0,"42":0,"43":0,"44":0,"45":0,"46":0,"47":0,"48":0,"49":2,"50":0,"51":0,"52":0,"53":0,"54":0,"55":0,"56":0,"57":0,"58":0,"59":0,"60":0,"61":0,"62":0,"63":0,"64":0},"f":{"0":0,"1":0,"2":0,"3":0,"4":0,"5":0,"6":0},"b":{"0":[0,0],"1":[0,0],"2":[0,0],"3":[0,0],"4":[0,0],"5":[0,0],"6":[0,0],"7":[0,0],"8":[0,0],"9":[0,0]},"_coverageSchema":"1a1c01bbd47fc00a2c39e90264f33305004495a9","hash":"7cf9d3e8fa0f3b5ae8ae2c4f1c6aa4b5070fae44"}
,"D:\\Archioweb\\parking\\routes\\reservations.js": {"path":"D:\\Archioweb\\parking\\routes\\reservations.js","statementMap":{"0":{"start":{"line":13,"column":15},"end":{"line":13,"column":31}},"1":{"start":{"line":16,"column":0},"end":{"line":25,"column":3}},"2":{"start":{"line":17,"column":2},"end":{"line":24,"column":3}},"3":{"start":{"line":18,"column":25},"end":{"line":18,"column":49}},"4":{"start":{"line":19,"column":4},"end":{"line":19,"column":27}},"5":{"start":{"line":21,"column":4},"end":{"line":23,"column":74}},"6":{"start":{"line":28,"column":0},"end":{"line":118,"column":3}},"7":{"start":{"line":29,"column":2},"end":{"line":105,"column":3}},"8":{"start":{"line":31,"column":58},"end":{"line":31,"column":66}},"9":{"start":{"line":34,"column":4},"end":{"line":36,"column":5}},"10":{"start":{"line":35,"column":6},"end":{"line":35,"column":74}},"11":{"start":{"line":39,"column":25},"end":{"line":39,"column":64}},"12":{"start":{"line":40,"column":4},"end":{"line":40,"column":54}},"13":{"start":{"line":43,"column":4},"end":{"line":47,"column":5}},"14":{"start":{"line":44,"column":6},"end":{"line":46,"column":61}},"15":{"start":{"line":50,"column":32},"end":{"line":54,"column":6}},"16":{"start":{"line":56,"column":4},"end":{"line":60,"column":5}},"17":{"start":{"line":57,"column":6},"end":{"line":59,"column":61}},"18":{"start":{"line":63,"column":21},"end":{"line":63,"column":56}},"19":{"start":{"line":64,"column":4},"end":{"line":66,"column":5}},"20":{"start":{"line":65,"column":6},"end":{"line":65,"column":74}},"21":{"start":{"line":69,"column":27},"end":{"line":77,"column":6}},"22":{"start":{"line":80,"column":4},"end":{"line":80,"column":32}},"23":{"start":{"line":83,"column":17},"end":{"line":83,"column":63}},"24":{"start":{"line":86,"column":4},"end":{"line":89,"column":7}},"25":{"start":{"line":93,"column":22},"end":{"line":93,"column":62}},"26":{"start":{"line":95,"column":4},"end":{"line":99,"column":7}},"27":{"start":{"line":101,"column":4},"end":{"line":101,"column":63}},"28":{"start":{"line":102,"column":4},"end":{"line":104,"column":80}},"29":{"start":{"line":120,"column":0},"end":{"line":150,"column":3}},"30":{"start":{"line":121,"column":2},"end":{"line":149,"column":3}},"31":{"start":{"line":122,"column":26},"end":{"line":122,"column":50}},"32":{"start":{"line":123,"column":23},"end":{"line":123,"column":31}},"33":{"start":{"line":124,"column":19},"end":{"line":124,"column":36}},"34":{"start":{"line":126,"column":24},"end":{"line":126,"column":65}},"35":{"start":{"line":127,"column":4},"end":{"line":129,"column":5}},"36":{"start":{"line":128,"column":6},"end":{"line":128,"column":72}},"37":{"start":{"line":131,"column":4},"end":{"line":133,"column":5}},"38":{"start":{"line":132,"column":6},"end":{"line":132,"column":69}},"39":{"start":{"line":135,"column":31},"end":{"line":139,"column":5}},"40":{"start":{"line":141,"column":4},"end":{"line":144,"column":7}},"41":{"start":{"line":146,"column":4},"end":{"line":148,"column":74}},"42":{"start":{"line":152,"column":0},"end":{"line":174,"column":3}},"43":{"start":{"line":153,"column":2},"end":{"line":173,"column":3}},"44":{"start":{"line":154,"column":26},"end":{"line":154,"column":50}},"45":{"start":{"line":155,"column":19},"end":{"line":155,"column":36}},"46":{"start":{"line":157,"column":24},"end":{"line":157,"column":65}},"47":{"start":{"line":158,"column":4},"end":{"line":160,"column":5}},"48":{"start":{"line":159,"column":6},"end":{"line":159,"column":72}},"49":{"start":{"line":162,"column":4},"end":{"line":164,"column":5}},"50":{"start":{"line":163,"column":6},"end":{"line":163,"column":69}},"51":{"start":{"line":166,"column":4},"end":{"line":166,"column":55}},"52":{"start":{"line":168,"column":4},"end":{"line":168,"column":75}},"53":{"start":{"line":170,"column":4},"end":{"line":172,"column":74}}},"fnMap":{"0":{"name":"(anonymous_0)","decl":{"start":{"line":16,"column":16},"end":{"line":16,"column":17}},"loc":{"start":{"line":16,"column":36},"end":{"line":25,"column":1}},"line":16},"1":{"name":"(anonymous_1)","decl":{"start":{"line":28,"column":31},"end":{"line":28,"column":32}},"loc":{"start":{"line":28,"column":51},"end":{"line":118,"column":1}},"line":28},"2":{"name":"(anonymous_2)","decl":{"start":{"line":120,"column":44},"end":{"line":120,"column":45}},"loc":{"start":{"line":120,"column":64},"end":{"line":150,"column":1}},"line":120},"3":{"name":"(anonymous_3)","decl":{"start":{"line":152,"column":47},"end":{"line":152,"column":48}},"loc":{"start":{"line":152,"column":67},"end":{"line":174,"column":1}},"line":152}},"branchMap":{"0":{"loc":{"start":{"line":34,"column":4},"end":{"line":36,"column":5}},"type":"if","locations":[{"start":{"line":34,"column":4},"end":{"line":36,"column":5}},{"start":{},"end":{}}],"line":34},"1":{"loc":{"start":{"line":34,"column":8},"end":{"line":34,"column":59}},"type":"binary-expr","locations":[{"start":{"line":34,"column":8},"end":{"line":34,"column":18}},{"start":{"line":34,"column":22},"end":{"line":34,"column":32}},{"start":{"line":34,"column":36},"end":{"line":34,"column":44}},{"start":{"line":34,"column":48},"end":{"line":34,"column":59}}],"line":34},"2":{"loc":{"start":{"line":43,"column":4},"end":{"line":47,"column":5}},"type":"if","locations":[{"start":{"line":43,"column":4},"end":{"line":47,"column":5}},{"start":{},"end":{}}],"line":43},"3":{"loc":{"start":{"line":56,"column":4},"end":{"line":60,"column":5}},"type":"if","locations":[{"start":{"line":56,"column":4},"end":{"line":60,"column":5}},{"start":{},"end":{}}],"line":56},"4":{"loc":{"start":{"line":64,"column":4},"end":{"line":66,"column":5}},"type":"if","locations":[{"start":{"line":64,"column":4},"end":{"line":66,"column":5}},{"start":{},"end":{}}],"line":64},"5":{"loc":{"start":{"line":64,"column":8},"end":{"line":64,"column":69}},"type":"binary-expr","locations":[{"start":{"line":64,"column":8},"end":{"line":64,"column":17}},{"start":{"line":64,"column":21},"end":{"line":64,"column":69}}],"line":64},"6":{"loc":{"start":{"line":127,"column":4},"end":{"line":129,"column":5}},"type":"if","locations":[{"start":{"line":127,"column":4},"end":{"line":129,"column":5}},{"start":{},"end":{}}],"line":127},"7":{"loc":{"start":{"line":131,"column":4},"end":{"line":133,"column":5}},"type":"if","locations":[{"start":{"line":131,"column":4},"end":{"line":133,"column":5}},{"start":{},"end":{}}],"line":131},"8":{"loc":{"start":{"line":158,"column":4},"end":{"line":160,"column":5}},"type":"if","locations":[{"start":{"line":158,"column":4},"end":{"line":160,"column":5}},{"start":{},"end":{}}],"line":158},"9":{"loc":{"start":{"line":162,"column":4},"end":{"line":164,"column":5}},"type":"if","locations":[{"start":{"line":162,"column":4},"end":{"line":164,"column":5}},{"start":{},"end":{}}],"line":162}},"s":{"0":2,"1":2,"2":0,"3":0,"4":0,"5":0,"6":2,"7":0,"8":0,"9":0,"10":0,"11":0,"12":0,"13":0,"14":0,"15":0,"16":0,"17":0,"18":0,"19":0,"20":0,"21":0,"22":0,"23":0,"24":0,"25":0,"26":0,"27":0,"28":0,"29":2,"30":0,"31":0,"32":0,"33":0,"34":0,"35":0,"36":0,"37":0,"38":0,"39":0,"40":0,"41":0,"42":2,"43":0,"44":0,"45":0,"46":0,"47":0,"48":0,"49":0,"50":0,"51":0,"52":0,"53":0},"f":{"0":0,"1":0,"2":0,"3":0},"b":{"0":[0,0],"1":[0,0,0,0],"2":[0,0],"3":[0,0],"4":[0,0],"5":[0,0],"6":[0,0],"7":[0,0],"8":[0,0],"9":[0,0]},"_coverageSchema":"1a1c01bbd47fc00a2c39e90264f33305004495a9","hash":"36aff000d7c0c2b37626f3a414a4b226e8ec0a97"}
,"D:\\Archioweb\\parking\\routes\\users.js": {"path":"D:\\Archioweb\\parking\\routes\\users.js","statementMap":{"0":{"start":{"line":8,"column":15},"end":{"line":8,"column":31}},"1":{"start":{"line":9,"column":18},"end":{"line":9,"column":54}},"2":{"start":{"line":12,"column":0},"end":{"line":21,"column":3}},"3":{"start":{"line":13,"column":2},"end":{"line":20,"column":3}},"4":{"start":{"line":14,"column":18},"end":{"line":14,"column":35}},"5":{"start":{"line":15,"column":4},"end":{"line":15,"column":20}},"6":{"start":{"line":17,"column":4},"end":{"line":19,"column":73}},"7":{"start":{"line":24,"column":0},"end":{"line":34,"column":3}},"8":{"start":{"line":25,"column":2},"end":{"line":33,"column":3}},"9":{"start":{"line":26,"column":17},"end":{"line":26,"column":68}},"10":{"start":{"line":27,"column":4},"end":{"line":29,"column":5}},"11":{"start":{"line":28,"column":6},"end":{"line":28,"column":71}},"12":{"start":{"line":30,"column":4},"end":{"line":30,"column":19}},"13":{"start":{"line":32,"column":4},"end":{"line":32,"column":77}},"14":{"start":{"line":37,"column":0},"end":{"line":56,"column":3}},"15":{"start":{"line":38,"column":2},"end":{"line":55,"column":3}},"16":{"start":{"line":39,"column":56},"end":{"line":39,"column":64}},"17":{"start":{"line":40,"column":27},"end":{"line":40,"column":58}},"18":{"start":{"line":42,"column":20},"end":{"line":47,"column":6}},"19":{"start":{"line":49,"column":4},"end":{"line":49,"column":25}},"20":{"start":{"line":50,"column":4},"end":{"line":50,"column":34}},"21":{"start":{"line":52,"column":4},"end":{"line":54,"column":70}},"22":{"start":{"line":59,"column":0},"end":{"line":93,"column":3}},"23":{"start":{"line":60,"column":2},"end":{"line":92,"column":3}},"24":{"start":{"line":61,"column":56},"end":{"line":61,"column":64}},"25":{"start":{"line":65,"column":24},"end":{"line":77,"column":5}},"26":{"start":{"line":79,"column":4},"end":{"line":81,"column":5}},"27":{"start":{"line":80,"column":6},"end":{"line":80,"column":71}},"28":{"start":{"line":84,"column":4},"end":{"line":87,"column":7}},"29":{"start":{"line":89,"column":4},"end":{"line":91,"column":73}},"30":{"start":{"line":96,"column":0},"end":{"line":119,"column":3}},"31":{"start":{"line":97,"column":2},"end":{"line":118,"column":3}},"32":{"start":{"line":98,"column":19},"end":{"line":98,"column":36}},"33":{"start":{"line":99,"column":23},"end":{"line":99,"column":40}},"34":{"start":{"line":102,"column":4},"end":{"line":104,"column":5}},"35":{"start":{"line":103,"column":6},"end":{"line":103,"column":69}},"36":{"start":{"line":107,"column":17},"end":{"line":107,"column":53}},"37":{"start":{"line":109,"column":4},"end":{"line":111,"column":5}},"38":{"start":{"line":110,"column":6},"end":{"line":110,"column":71}},"39":{"start":{"line":113,"column":4},"end":{"line":113,"column":74}},"40":{"start":{"line":115,"column":4},"end":{"line":117,"column":73}}},"fnMap":{"0":{"name":"(anonymous_0)","decl":{"start":{"line":12,"column":16},"end":{"line":12,"column":17}},"loc":{"start":{"line":12,"column":36},"end":{"line":21,"column":1}},"line":12},"1":{"name":"(anonymous_1)","decl":{"start":{"line":24,"column":23},"end":{"line":24,"column":24}},"loc":{"start":{"line":24,"column":43},"end":{"line":34,"column":1}},"line":24},"2":{"name":"(anonymous_2)","decl":{"start":{"line":37,"column":17},"end":{"line":37,"column":18}},"loc":{"start":{"line":37,"column":37},"end":{"line":56,"column":1}},"line":37},"3":{"name":"(anonymous_3)","decl":{"start":{"line":59,"column":23},"end":{"line":59,"column":24}},"loc":{"start":{"line":59,"column":43},"end":{"line":93,"column":1}},"line":59},"4":{"name":"(anonymous_4)","decl":{"start":{"line":96,"column":40},"end":{"line":96,"column":41}},"loc":{"start":{"line":96,"column":60},"end":{"line":119,"column":1}},"line":96}},"branchMap":{"0":{"loc":{"start":{"line":9,"column":18},"end":{"line":9,"column":54}},"type":"binary-expr","locations":[{"start":{"line":9,"column":18},"end":{"line":9,"column":40}},{"start":{"line":9,"column":44},"end":{"line":9,"column":54}}],"line":9},"1":{"loc":{"start":{"line":27,"column":4},"end":{"line":29,"column":5}},"type":"if","locations":[{"start":{"line":27,"column":4},"end":{"line":29,"column":5}},{"start":{},"end":{}}],"line":27},"2":{"loc":{"start":{"line":79,"column":4},"end":{"line":81,"column":5}},"type":"if","locations":[{"start":{"line":79,"column":4},"end":{"line":81,"column":5}},{"start":{},"end":{}}],"line":79},"3":{"loc":{"start":{"line":102,"column":4},"end":{"line":104,"column":5}},"type":"if","locations":[{"start":{"line":102,"column":4},"end":{"line":104,"column":5}},{"start":{},"end":{}}],"line":102},"4":{"loc":{"start":{"line":109,"column":4},"end":{"line":111,"column":5}},"type":"if","locations":[{"start":{"line":109,"column":4},"end":{"line":111,"column":5}},{"start":{},"end":{}}],"line":109}},"s":{"0":2,"1":2,"2":2,"3":1,"4":1,"5":1,"6":0,"7":2,"8":2,"9":2,"10":2,"11":1,"12":1,"13":0,"14":2,"15":3,"16":3,"17":3,"18":3,"19":3,"20":1,"21":2,"22":2,"23":1,"24":1,"25":1,"26":1,"27":0,"28":1,"29":0,"30":2,"31":1,"32":1,"33":1,"34":1,"35":0,"36":1,"37":1,"38":0,"39":1,"40":0},"f":{"0":1,"1":2,"2":3,"3":1,"4":1},"b":{"0":[2,0],"1":[1,1],"2":[0,1],"3":[0,1],"4":[0,1]},"_coverageSchema":"1a1c01bbd47fc00a2c39e90264f33305004495a9","hash":"9e7ce7e71a3d31d54dd5a77999a53928f106c2d4"}
,"D:\\Archioweb\\parking\\routes\\vehicules.js": {"path":"D:\\Archioweb\\parking\\routes\\vehicules.js","statementMap":{"0":{"start":{"line":8,"column":15},"end":{"line":8,"column":31}},"1":{"start":{"line":12,"column":0},"end":{"line":21,"column":3}},"2":{"start":{"line":13,"column":2},"end":{"line":20,"column":3}},"3":{"start":{"line":14,"column":22},"end":{"line":14,"column":43}},"4":{"start":{"line":15,"column":4},"end":{"line":15,"column":24}},"5":{"start":{"line":17,"column":4},"end":{"line":19,"column":71}},"6":{"start":{"line":23,"column":0},"end":{"line":35,"column":3}},"7":{"start":{"line":24,"column":2},"end":{"line":34,"column":3}},"8":{"start":{"line":25,"column":24},"end":{"line":25,"column":46}},"9":{"start":{"line":27,"column":4},"end":{"line":27,"column":29}},"10":{"start":{"line":28,"column":4},"end":{"line":28,"column":43}},"11":{"start":{"line":29,"column":4},"end":{"line":29,"column":35}},"12":{"start":{"line":30,"column":4},"end":{"line":30,"column":29}},"13":{"start":{"line":31,"column":4},"end":{"line":31,"column":61}},"14":{"start":{"line":33,"column":4},"end":{"line":33,"column":70}},"15":{"start":{"line":38,"column":0},"end":{"line":76,"column":3}},"16":{"start":{"line":39,"column":2},"end":{"line":75,"column":3}},"17":{"start":{"line":40,"column":4},"end":{"line":40,"column":66}},"18":{"start":{"line":41,"column":23},"end":{"line":41,"column":44}},"19":{"start":{"line":42,"column":23},"end":{"line":42,"column":31}},"20":{"start":{"line":44,"column":21},"end":{"line":44,"column":56}},"21":{"start":{"line":45,"column":4},"end":{"line":45,"column":46}},"22":{"start":{"line":47,"column":4},"end":{"line":49,"column":5}},"23":{"start":{"line":48,"column":6},"end":{"line":48,"column":68}},"24":{"start":{"line":51,"column":4},"end":{"line":55,"column":6}},"25":{"start":{"line":56,"column":4},"end":{"line":58,"column":5}},"26":{"start":{"line":57,"column":6},"end":{"line":57,"column":69}},"27":{"start":{"line":60,"column":28},"end":{"line":64,"column":5}},"28":{"start":{"line":65,"column":4},"end":{"line":65,"column":56}},"29":{"start":{"line":67,"column":4},"end":{"line":69,"column":59}},"30":{"start":{"line":71,"column":4},"end":{"line":71,"column":59}},"31":{"start":{"line":72,"column":4},"end":{"line":74,"column":68}},"32":{"start":{"line":78,"column":0},"end":{"line":103,"column":3}},"33":{"start":{"line":79,"column":2},"end":{"line":102,"column":3}},"34":{"start":{"line":80,"column":23},"end":{"line":80,"column":44}},"35":{"start":{"line":81,"column":19},"end":{"line":81,"column":36}},"36":{"start":{"line":84,"column":21},"end":{"line":84,"column":56}},"37":{"start":{"line":87,"column":4},"end":{"line":89,"column":5}},"38":{"start":{"line":88,"column":6},"end":{"line":88,"column":68}},"39":{"start":{"line":92,"column":4},"end":{"line":94,"column":5}},"40":{"start":{"line":93,"column":6},"end":{"line":93,"column":69}},"41":{"start":{"line":97,"column":4},"end":{"line":97,"column":49}},"42":{"start":{"line":99,"column":4},"end":{"line":99,"column":71}},"43":{"start":{"line":101,"column":4},"end":{"line":101,"column":81}}},"fnMap":{"0":{"name":"(anonymous_0)","decl":{"start":{"line":12,"column":16},"end":{"line":12,"column":17}},"loc":{"start":{"line":12,"column":36},"end":{"line":21,"column":1}},"line":12},"1":{"name":"(anonymous_1)","decl":{"start":{"line":23,"column":31},"end":{"line":23,"column":32}},"loc":{"start":{"line":23,"column":51},"end":{"line":35,"column":1}},"line":23},"2":{"name":"(anonymous_2)","decl":{"start":{"line":38,"column":41},"end":{"line":38,"column":42}},"loc":{"start":{"line":38,"column":61},"end":{"line":76,"column":1}},"line":38},"3":{"name":"(anonymous_3)","decl":{"start":{"line":78,"column":44},"end":{"line":78,"column":45}},"loc":{"start":{"line":78,"column":64},"end":{"line":103,"column":1}},"line":78}},"branchMap":{"0":{"loc":{"start":{"line":47,"column":4},"end":{"line":49,"column":5}},"type":"if","locations":[{"start":{"line":47,"column":4},"end":{"line":49,"column":5}},{"start":{},"end":{}}],"line":47},"1":{"loc":{"start":{"line":56,"column":4},"end":{"line":58,"column":5}},"type":"if","locations":[{"start":{"line":56,"column":4},"end":{"line":58,"column":5}},{"start":{},"end":{}}],"line":56},"2":{"loc":{"start":{"line":87,"column":4},"end":{"line":89,"column":5}},"type":"if","locations":[{"start":{"line":87,"column":4},"end":{"line":89,"column":5}},{"start":{},"end":{}}],"line":87},"3":{"loc":{"start":{"line":92,"column":4},"end":{"line":94,"column":5}},"type":"if","locations":[{"start":{"line":92,"column":4},"end":{"line":94,"column":5}},{"start":{},"end":{}}],"line":92}},"s":{"0":2,"1":2,"2":0,"3":0,"4":0,"5":0,"6":2,"7":0,"8":0,"9":0,"10":0,"11":0,"12":0,"13":0,"14":0,"15":2,"16":0,"17":0,"18":0,"19":0,"20":0,"21":0,"22":0,"23":0,"24":0,"25":0,"26":0,"27":0,"28":0,"29":0,"30":0,"31":0,"32":2,"33":0,"34":0,"35":0,"36":0,"37":0,"38":0,"39":0,"40":0,"41":0,"42":0,"43":0},"f":{"0":0,"1":0,"2":0,"3":0},"b":{"0":[0,0],"1":[0,0],"2":[0,0],"3":[0,0]},"_coverageSchema":"1a1c01bbd47fc00a2c39e90264f33305004495a9","hash":"d7db6dfff887918db48ac5a4a8bcd5544e3b44ea"}
,"D:\\Archioweb\\parking\\spec\\utils.js": {"path":"D:\\Archioweb\\parking\\spec\\utils.js","statementMap":{"0":{"start":{"line":6,"column":16},"end":{"line":6,"column":35}},"1":{"start":{"line":8,"column":31},"end":{"line":10,"column":1}},"2":{"start":{"line":9,"column":2},"end":{"line":9,"column":41}},"3":{"start":{"line":14,"column":14},"end":{"line":14,"column":66}},"4":{"start":{"line":15,"column":17},"end":{"line":15,"column":55}},"5":{"start":{"line":16,"column":2},"end":{"line":16,"column":36}}},"fnMap":{"0":{"name":"(anonymous_0)","decl":{"start":{"line":8,"column":31},"end":{"line":8,"column":32}},"loc":{"start":{"line":8,"column":49},"end":{"line":10,"column":1}},"line":8},"1":{"name":"generateValidJwt","decl":{"start":{"line":12,"column":16},"end":{"line":12,"column":32}},"loc":{"start":{"line":12,"column":39},"end":{"line":17,"column":1}},"line":12}},"branchMap":{},"s":{"0":2,"1":2,"2":16,"3":2,"4":2,"5":2},"f":{"0":16,"1":2},"b":{},"_coverageSchema":"1a1c01bbd47fc00a2c39e90264f33305004495a9","hash":"1a9ffda1e1e94e84421eb4f491fbabf774e536db"}
}
