TN:
SF:app.js
FN:52,(anonymous_0)
FN:58,(anonymous_1)
FNF:2
FNH:0
FNDA:0,(anonymous_0)
FNDA:0,(anonymous_1)
DA:16,4
DA:17,4
DA:22,4
DA:27,4
DA:28,4
DA:38,4
DA:40,4
DA:41,4
DA:42,4
DA:44,4
DA:45,4
DA:46,4
DA:47,4
DA:48,4
DA:49,4
DA:52,4
DA:53,0
DA:58,4
DA:60,0
DA:61,0
DA:64,0
DA:65,0
LF:22
LH:17
BRDA:23,0,0,4
BRDA:23,0,1,0
BRDA:61,1,0,0
BRDA:61,1,1,0
BRDA:64,2,0,0
BRDA:64,2,1,0
BRF:6
BRH:1
end_of_record
TN:
SF:auth.js
FN:6,authenticate
FN:19,(anonymous_1)
FNF:2
FNH:2
FNDA:16,authenticate
FNDA:14,(anonymous_1)
DA:3,4
DA:4,4
DA:8,16
DA:9,16
DA:10,2
DA:13,14
DA:14,14
DA:15,0
DA:18,14
DA:19,14
DA:20,14
DA:21,0
DA:23,14
DA:24,14
LF:14
LH:12
BRDA:9,0,0,2
BRDA:9,0,1,14
BRDA:14,1,0,0
BRDA:14,1,1,14
BRDA:20,2,0,0
BRDA:20,2,1,14
BRF:6
BRH:4
end_of_record
TN:
SF:config.js
FNF:0
FNH:0
DA:2,4
LF:1
LH:1
BRDA:2,0,0,4
BRDA:2,0,1,0
BRF:2
BRH:1
end_of_record
TN:
SF:ws.js
FN:8,createWSServer
FN:15,(anonymous_1)
FN:22,(anonymous_2)
FN:37,(anonymous_3)
FN:44,broadcastMessage
FN:53,onMessageReceived
FNF:6
FNH:1
FNDA:0,createWSServer
FNDA:0,(anonymous_1)
FNDA:0,(anonymous_2)
FNDA:0,(anonymous_3)
FNDA:1,broadcastMessage
FNDA:0,onMessageReceived
DA:4,4
DA:6,4
DA:9,0
DA:10,0
DA:15,0
DA:16,0
DA:19,0
DA:22,0
DA:25,0
DA:26,0
DA:29,0
DA:33,0
DA:37,0
DA:38,0
DA:39,0
DA:45,1
DA:48,1
DA:49,0
DA:54,0
LF:19
LH:4
BRF:0
BRH:0
end_of_record
TN:
SF:model\Place.js
FN:4,validateGeoJsonCoordinates
FN:14,isLatitude
FN:18,isLongitude
FNF:3
FNH:3
FNDA:2,validateGeoJsonCoordinates
FNDA:2,isLatitude
FNDA:2,isLongitude
DA:5,2
DA:15,2
DA:19,2
DA:23,3
DA:69,3
LF:5
LH:5
BRDA:6,0,0,11
BRDA:6,0,1,11
BRDA:6,0,2,11
BRDA:6,0,3,11
BRDA:6,0,4,10
BRDA:15,1,0,10
BRDA:15,1,1,10
BRDA:19,2,0,11
BRDA:19,2,1,11
BRF:9
BRH:9
end_of_record
TN:
SF:model\Reservation.js
FNF:0
FNH:0
DA:5,4
DA:42,4
LF:2
LH:2
BRF:0
BRH:0
end_of_record
TN:
SF:model\User.js
FN:52,transformJsonUser
FNF:1
FNH:1
FNDA:4,transformJsonUser
DA:5,4
DA:49,4
DA:54,4
DA:55,4
DA:56,4
DA:61,4
LF:6
LH:6
BRF:0
BRH:0
end_of_record
TN:
SF:model\Vehicule.js
FNF:0
FNH:0
DA:5,4
DA:36,4
LF:2
LH:2
BRF:0
BRH:0
end_of_record
TN:
SF:routes\index.js
FN:4,(anonymous_0)
FNF:1
FNH:0
FNDA:0,(anonymous_0)
DA:2,4
DA:4,4
DA:5,0
LF:3
LH:2
BRF:0
BRH:0
end_of_record
TN:
SF:routes\login.js
FN:23,(anonymous_0)
FN:70,(anonymous_1)
FNF:2
FNH:2
FNDA:3,(anonymous_0)
FNDA:4,(anonymous_1)
DA:6,4
DA:7,4
DA:23,4
DA:24,3
DA:26,3
DA:27,3
DA:28,3
DA:29,0
DA:35,3
DA:38,3
DA:40,3
DA:42,3
DA:44,1
DA:46,2
DA:70,4
DA:71,4
DA:72,4
DA:73,4
DA:74,2
DA:76,2
DA:77,2
DA:78,2
DA:79,2
DA:80,2
DA:81,1
DA:85,1
DA:86,1
DA:88,1
DA:90,0
LF:29
LH:27
BRDA:28,0,0,0
BRDA:28,0,1,3
BRDA:73,1,0,2
BRDA:73,1,1,2
BRDA:80,2,0,1
BRDA:80,2,1,1
BRF:6
BRH:5
end_of_record
TN:
SF:routes\places.js
FN:57,(anonymous_0)
FN:125,(anonymous_1)
FN:194,(anonymous_2)
FN:290,(anonymous_3)
FN:368,(anonymous_4)
FN:479,(anonymous_5)
FNF:6
FNH:5
FNDA:1,(anonymous_0)
FNDA:2,(anonymous_1)
FNDA:2,(anonymous_2)
FNDA:3,(anonymous_3)
FNDA:3,(anonymous_4)
FNDA:0,(anonymous_5)
DA:12,4
DA:57,4
DA:58,1
DA:60,1
DA:61,1
DA:64,1
DA:65,0
DA:69,1
DA:70,1
DA:72,0
DA:128,3
DA:129,0
DA:130,0
DA:133,0
DA:136,0
DA:137,0
DA:140,0
DA:142,0
DA:200,3
DA:201,0
DA:202,0
DA:203,0
DA:205,0
DA:210,0
DA:212,0
DA:224,0
DA:226,0
DA:227,0
DA:299,3
DA:300,0
DA:301,0
DA:302,0
DA:303,0
DA:306,0
DA:309,0
DA:310,0
DA:314,0
DA:315,0
DA:319,0
DA:323,0
DA:327,0
DA:377,3
DA:378,0
DA:379,0
DA:380,0
DA:383,0
DA:386,0
DA:387,0
DA:391,0
DA:394,0
DA:395,0
DA:399,0
DA:401,0
DA:403,0
DA:485,3
DA:486,0
DA:487,0
DA:488,0
DA:491,0
DA:492,0
DA:496,0
DA:497,0
DA:498,0
DA:501,0
DA:507,0
DA:509,0
DA:516,0
LF:71
LH:48
BRDA:64,0,0,0
BRDA:64,0,1,0
BRDA:136,1,0,0
BRDA:136,1,1,0
BRDA:309,2,0,0
BRDA:309,2,1,0
BRDA:314,3,0,0
BRDA:314,3,1,0
BRDA:386,4,0,0
BRDA:386,4,1,0
BRDA:394,5,0,0
BRDA:394,5,1,0
BRDA:394,6,0,0
BRDA:394,6,1,0
BRDA:493,7,0,0
BRDA:493,7,1,0
BRDA:497,8,0,0
BRDA:497,8,1,0
BRDA:497,9,0,0
BRDA:497,9,1,0
BRDA:502,10,0,0
BRDA:502,10,1,0
BRDA:503,11,0,0
BRDA:503,11,1,0
BRF:24
BRH:11
end_of_record
TN:
SF:routes/reservations.js
FN:46,(anonymous_0)
FN:89,(anonymous_1)
FN:154,(anonymous_2)
FN:256,(anonymous_3)
FN:304,(anonymous_4)
FNF:5
FNH:0
FNDA:0,(anonymous_0)
FNDA:0,(anonymous_1)
FNDA:0,(anonymous_2)
FNDA:0,(anonymous_3)
FNDA:0,(anonymous_4)
DA:13,3
DA:46,3
DA:47,0
DA:48,0
DA:49,0
DA:51,0
DA:89,3
DA:90,0
DA:91,0
DA:94,0
DA:103,0
DA:104,0
DA:107,0
DA:109,0
DA:154,3
DA:155,0
DA:157,0
DA:160,0
DA:161,0
DA:165,0
DA:166,0
DA:169,0
DA:170,0
DA:176,0
DA:182,0
DA:183,0
DA:189,0
DA:190,0
DA:191,0
DA:195,0
DA:205,0
DA:208,0
DA:211,0
DA:218,0
DA:220,0
DA:226,0
DA:227,0
DA:230,0
DA:231,0
DA:235,0
DA:236,0
DA:239,0
DA:240,0
DA:246,0
DA:252,0
DA:253,0
DA:259,0
DA:260,0
DA:262,0
DA:263,0
DA:264,0
DA:267,0
DA:268,0
DA:271,0
DA:277,0
DA:282,0
DA:304,3
DA:305,0
DA:306,0
DA:307,0
DA:309,0
DA:310,0
DA:311,0
DA:314,0
DA:315,0
DA:318,0
DA:320,0
DA:322,0
LF:62
LH:6
BRDA:138,0,0,0
BRDA:138,0,1,0
BRDA:230,1,0,0
BRDA:230,1,1,0
BRDA:230,2,0,0
BRDA:230,2,1,0
BRDA:230,2,2,0
BRDA:230,2,3,0
BRDA:239,3,0,0
BRDA:239,3,1,0
BRDA:252,4,0,0
BRDA:252,4,1,0
BRDA:260,5,0,0
BRDA:260,5,1,0
BRDA:260,6,0,0
BRDA:260,6,1,0
BRDA:355,7,0,0
BRDA:355,7,1,0
BRDA:359,8,0,0
BRDA:359,8,1,0
BRDA:421,9,0,0
BRDA:421,9,1,0
BRDA:425,10,0,0
BRDA:425,10,1,0
BRF:24
BRH:0
end_of_record
TN:
SF:routes/users.js
FN:55,(anonymous_0)
FN:150,(anonymous_1)
FN:205,(anonymous_2)
FN:278,(anonymous_3)
FN:357,(anonymous_4)
FNF:5
FNH:5
FNDA:1,(anonymous_0)
FNDA:2,(anonymous_1)
FNDA:3,(anonymous_2)
FNDA:1,(anonymous_3)
FNDA:1,(anonymous_4)
DA:8,3
DA:9,3
DA:55,3
DA:56,1
DA:58,1
DA:59,1
DA:60,1
DA:62,1
DA:84,1
DA:86,1
DA:87,1
DA:89,1
DA:96,0
DA:150,3
DA:151,2
DA:152,2
DA:153,2
DA:154,1
DA:156,1
DA:158,0
DA:205,3
DA:206,3
DA:207,3
DA:208,3
DA:210,3
DA:217,3
DA:218,1
DA:220,2
DA:278,3
DA:279,1
DA:280,1
DA:283,1
DA:297,1
DA:298,0
DA:302,1
DA:307,0
DA:357,3
DA:358,1
DA:359,1
DA:360,1
DA:363,1
DA:364,0
DA:368,1
DA:370,1
DA:371,0
DA:375,1
DA:377,1
DA:378,0
DA:381,1
DA:383,0
LF:47
LH:40
BRDA:9,0,0,4
BRDA:9,0,1,0
BRDA:69,1,0,1
BRDA:69,1,1,0
BRDA:70,2,0,1
BRDA:70,2,1,0
BRDA:164,3,0,1
BRDA:164,3,1,1
BRDA:304,4,0,0
BRDA:304,4,1,1
BRDA:370,5,0,0
BRDA:370,5,1,1
BRDA:377,6,0,0
BRDA:377,6,1,1
BRF:14
BRH:8
end_of_record
TN:
SF:routes\vehicules.js
FN:26,(anonymous_0)
FN:54,(anonymous_1)
FN:91,(anonymous_2)
FN:120,(anonymous_3)
FN:172,(anonymous_4)
FNF:5
FNH:5
FNDA:1,(anonymous_0)
FNDA:1,(anonymous_1)
FNDA:2,(anonymous_2)
FNDA:1,(anonymous_3)
FNDA:2,(anonymous_4)
DA:8,4
DA:26,4
DA:27,1
DA:28,1
DA:29,1
DA:31,0
DA:54,4
DA:55,1
DA:56,1
DA:59,1
DA:62,1
DA:63,0
DA:66,1
DA:68,0
DA:91,4
DA:92,2
DA:93,2
DA:95,2
DA:96,2
DA:97,2
DA:98,2
DA:99,1
DA:101,1
DA:120,4
DA:121,1
DA:122,1
DA:123,1
DA:124,1
DA:126,1
DA:127,1
DA:129,1
DA:130,0
DA:133,1
DA:138,1
DA:139,0
DA:142,1
DA:147,1
DA:149,1
DA:151,0
DA:152,0
DA:172,4
DA:173,2
DA:174,2
DA:175,2
DA:178,2
DA:181,2
DA:182,1
DA:186,1
DA:187,0
DA:191,1
DA:193,1
DA:195,0
LF:52
LH:43
BRDA:62,0,0,0
BRDA:62,0,1,1
BRDA:129,1,0,0
BRDA:129,1,1,1
BRDA:138,2,0,0
BRDA:138,2,1,1
BRDA:181,3,0,1
BRDA:181,3,1,1
BRDA:186,4,0,0
BRDA:186,4,1,1
BRF:10
BRH:6
end_of_record
TN:
SF:spec\utils.js
FN:10,(anonymous_0)
FN:16,generateValidJwt
FNF:2
FNH:2
FNDA:35,(anonymous_0)
FNDA:23,generateValidJwt
DA:8,4
DA:10,4
DA:11,35
DA:12,35
DA:13,35
DA:18,23
DA:19,23
DA:20,23
LF:8
LH:8
BRF:0
BRH:0
end_of_record
